{"name": "test_automation_flow", "status": "broken", "statusDetails": {"message": "selenium.common.exceptions.TimeoutException: Message: \nStacktrace:\n\tGetHandleVerifier [0x00007FF78DA5B632+29090]\n\t(No symbol) [0x00007FF78D9CE6E9]\n\t(No symbol) [0x00007FF78D88B1CA]\n\t(No symbol) [0x00007FF78D8DEFD7]\n\t(No symbol) [0x00007FF78D8DF22C]\n\t(No symbol) [0x00007FF78D9297F7]\n\t(No symbol) [0x00007FF78D90672F]\n\t(No symbol) [0x00007FF78D9265D9]\n\t(No symbol) [0x00007FF78D906493]\n\t(No symbol) [0x00007FF78D8D09B1]\n\t(No symbol) [0x00007FF78D8D1B11]\n\tGetHandleVerifier [0x00007FF78DD7883D+3294125]\n\tGetHandleVerifier [0x00007FF78DDC4423+3604371]\n\tGetHandleVerifier [0x00007FF78DDBA2E7+3563095]\n\tGetHandleVerifier [0x00007FF78DB16F16+797318]\n\t(No symbol) [0x00007FF78D9D986F]\n\t(No symbol) [0x00007FF78D9D5454]\n\t(No symbol) [0x00007FF78D9D55E0]\n\t(No symbol) [0x00007FF78D9C4A7F]\n\tBaseThreadInitThunk [0x00007FFAE06C7374+20]\n\tRtlUserThreadStart [0x00007FFAE201CC91+33]", "trace": "driver = <selenium.webdriver.chrome.webdriver.WebDriver (session=\"38263cab2c144eb3bd1fbcc7d12844fd\")>\n\n    def test_automation_flow(driver):\n        google_page = GooglePage(driver)\n        jumia_page = JumiaPage(driver)\n    \n        with allure.step(\"Step 1: Create a Google account\"):\n>           google_page.create_account(\"Martin\", \"NCBA\", \"Martin_NCBA\", \"Password@123\")\n\ntest_automation_flow.py:135: \n_ _ _ _ _ _ _ _ _ _ _ _ _ _ _ _ _ _ _ _ _ _ _ _ _ _ _ _ _ _ _ _ _ _ _ _ _ _ _ _\ntest_automation_flow.py:53: in create_account\n    self.enter_text(By.ID, \"firstName\", first_name)\ntest_automation_flow.py:40: in enter_text\n    element = self.find_element(by, value)\ntest_automation_flow.py:33: in find_element\n    return self.wait.until(EC.presence_of_element_located((by, value)))\n_ _ _ _ _ _ _ _ _ _ _ _ _ _ _ _ _ _ _ _ _ _ _ _ _ _ _ _ _ _ _ _ _ _ _ _ _ _ _ _\n\nself = <selenium.webdriver.support.wait.WebDriverWait (session=\"38263cab2c144eb3bd1fbcc7d12844fd\")>\nmethod = <function presence_of_element_located.<locals>._predicate at 0x000001B53215C9D0>\nmessage = ''\n\n    def until(self, method: Callable[[D], Union[Literal[False], T]], message: str = \"\") -> T:\n        \"\"\"Calls the method provided with the driver as an argument until the \\\n        return value does not evaluate to ``False``.\n    \n        :param method: callable(WebDriver)\n        :param message: optional message for :exc:`TimeoutException`\n        :returns: the result of the last call to `method`\n        :raises: :exc:`selenium.common.exceptions.TimeoutException` if timeout occurs\n        \"\"\"\n        screen = None\n        stacktrace = None\n    \n        end_time = time.monotonic() + self._timeout\n        while True:\n            try:\n                value = method(self._driver)\n                if value:\n                    return value\n            except self._ignored_exceptions as exc:\n                screen = getattr(exc, \"screen\", None)\n                stacktrace = getattr(exc, \"stacktrace\", None)\n            time.sleep(self._poll)\n            if time.monotonic() > end_time:\n                break\n>       raise TimeoutException(message, screen, stacktrace)\nE       selenium.common.exceptions.TimeoutException: Message: \nE       Stacktrace:\nE       \tGetHandleVerifier [0x00007FF78DA5B632+29090]\nE       \t(No symbol) [0x00007FF78D9CE6E9]\nE       \t(No symbol) [0x00007FF78D88B1CA]\nE       \t(No symbol) [0x00007FF78D8DEFD7]\nE       \t(No symbol) [0x00007FF78D8DF22C]\nE       \t(No symbol) [0x00007FF78D9297F7]\nE       \t(No symbol) [0x00007FF78D90672F]\nE       \t(No symbol) [0x00007FF78D9265D9]\nE       \t(No symbol) [0x00007FF78D906493]\nE       \t(No symbol) [0x00007FF78D8D09B1]\nE       \t(No symbol) [0x00007FF78D8D1B11]\nE       \tGetHandleVerifier [0x00007FF78DD7883D+3294125]\nE       \tGetHandleVerifier [0x00007FF78DDC4423+3604371]\nE       \tGetHandleVerifier [0x00007FF78DDBA2E7+3563095]\nE       \tGetHandleVerifier [0x00007FF78DB16F16+797318]\nE       \t(No symbol) [0x00007FF78D9D986F]\nE       \t(No symbol) [0x00007FF78D9D5454]\nE       \t(No symbol) [0x00007FF78D9D55E0]\nE       \t(No symbol) [0x00007FF78D9C4A7F]\nE       \tBaseThreadInitThunk [0x00007FFAE06C7374+20]\nE       \tRtlUserThreadStart [0x00007FFAE201CC91+33]\n\nC:\\Python\\Python38\\lib\\site-packages\\selenium\\webdriver\\support\\wait.py:105: TimeoutException"}, "steps": [{"name": "Step 1: Create a Google account", "status": "broken", "statusDetails": {"message": "selenium.common.exceptions.TimeoutException: Message: \nStacktrace:\n\tGetHandleVerifier [0x00007FF78DA5B632+29090]\n\t(No symbol) [0x00007FF78D9CE6E9]\n\t(No symbol) [0x00007FF78D88B1CA]\n\t(No symbol) [0x00007FF78D8DEFD7]\n\t(No symbol) [0x00007FF78D8DF22C]\n\t(No symbol) [0x00007FF78D9297F7]\n\t(No symbol) [0x00007FF78D90672F]\n\t(No symbol) [0x00007FF78D9265D9]\n\t(No symbol) [0x00007FF78D906493]\n\t(No symbol) [0x00007FF78D8D09B1]\n\t(No symbol) [0x00007FF78D8D1B11]\n\tGetHandleVerifier [0x00007FF78DD7883D+3294125]\n\tGetHandleVerifier [0x00007FF78DDC4423+3604371]\n\tGetHandleVerifier [0x00007FF78DDBA2E7+3563095]\n\tGetHandleVerifier [0x00007FF78DB16F16+797318]\n\t(No symbol) [0x00007FF78D9D986F]\n\t(No symbol) [0x00007FF78D9D5454]\n\t(No symbol) [0x00007FF78D9D55E0]\n\t(No symbol) [0x00007FF78D9C4A7F]\n\tBaseThreadInitThunk [0x00007FFAE06C7374+20]\n\tRtlUserThreadStart [0x00007FFAE201CC91+33]\n\n", "trace": "  File \"C:\\Users\\lenovo\\Downloads\\test_automation_flow.py\", line 135, in test_automation_flow\n    google_page.create_account(\"Martin\", \"NCBA\", \"Martin_NCBA\", \"Password@123\")\n  File \"C:\\Python\\Python38\\lib\\site-packages\\allure_commons\\_allure.py\", line 192, in impl\n    return func(*a, **kw)\n  File \"C:\\Users\\lenovo\\Downloads\\test_automation_flow.py\", line 53, in create_account\n    self.enter_text(By.ID, \"firstName\", first_name)\n  File \"C:\\Users\\lenovo\\Downloads\\test_automation_flow.py\", line 40, in enter_text\n    element = self.find_element(by, value)\n  File \"C:\\Users\\lenovo\\Downloads\\test_automation_flow.py\", line 33, in find_element\n    return self.wait.until(EC.presence_of_element_located((by, value)))\n  File \"C:\\Python\\Python38\\lib\\site-packages\\selenium\\webdriver\\support\\wait.py\", line 105, in until\n    raise TimeoutException(message, screen, stacktrace)\n"}, "steps": [{"name": "Fill in Google account signup form", "status": "broken", "statusDetails": {"message": "selenium.common.exceptions.TimeoutException: Message: \nStacktrace:\n\tGetHandleVerifier [0x00007FF78DA5B632+29090]\n\t(No symbol) [0x00007FF78D9CE6E9]\n\t(No symbol) [0x00007FF78D88B1CA]\n\t(No symbol) [0x00007FF78D8DEFD7]\n\t(No symbol) [0x00007FF78D8DF22C]\n\t(No symbol) [0x00007FF78D9297F7]\n\t(No symbol) [0x00007FF78D90672F]\n\t(No symbol) [0x00007FF78D9265D9]\n\t(No symbol) [0x00007FF78D906493]\n\t(No symbol) [0x00007FF78D8D09B1]\n\t(No symbol) [0x00007FF78D8D1B11]\n\tGetHandleVerifier [0x00007FF78DD7883D+3294125]\n\tGetHandleVerifier [0x00007FF78DDC4423+3604371]\n\tGetHandleVerifier [0x00007FF78DDBA2E7+3563095]\n\tGetHandleVerifier [0x00007FF78DB16F16+797318]\n\t(No symbol) [0x00007FF78D9D986F]\n\t(No symbol) [0x00007FF78D9D5454]\n\t(No symbol) [0x00007FF78D9D55E0]\n\t(No symbol) [0x00007FF78D9C4A7F]\n\tBaseThreadInitThunk [0x00007FFAE06C7374+20]\n\tRtlUserThreadStart [0x00007FFAE201CC91+33]\n\n", "trace": "  File \"C:\\Python\\Python38\\lib\\site-packages\\allure_commons\\_allure.py\", line 192, in impl\n    return func(*a, **kw)\n  File \"C:\\Users\\lenovo\\Downloads\\test_automation_flow.py\", line 53, in create_account\n    self.enter_text(By.ID, \"firstName\", first_name)\n  File \"C:\\Users\\lenovo\\Downloads\\test_automation_flow.py\", line 40, in enter_text\n    element = self.find_element(by, value)\n  File \"C:\\Users\\lenovo\\Downloads\\test_automation_flow.py\", line 33, in find_element\n    return self.wait.until(EC.presence_of_element_located((by, value)))\n  File \"C:\\Python\\Python38\\lib\\site-packages\\selenium\\webdriver\\support\\wait.py\", line 105, in until\n    raise TimeoutException(message, screen, stacktrace)\n"}, "parameters": [{"name": "first_name", "value": "'Martin'"}, {"name": "last_name", "value": "'NCBA'"}, {"name": "username", "value": "'Martin_NCBA'"}, {"name": "password", "value": "'Password@123'"}], "start": 1724924876700, "stop": 1724924887091}], "start": 1724924876699, "stop": 1724924887343}], "start": 1724924876698, "stop": 1724924887343, "uuid": "abb137bf-22b5-40e4-87c2-969f2ac19bf8", "historyId": "e891e0b0ecda78f664732d0fc0c99438", "testCaseId": "e891e0b0ecda78f664732d0fc0c99438", "fullName": "test_automation_flow#test_automation_flow", "labels": [{"name": "suite", "value": "test_automation_flow"}, {"name": "host", "value": "DESKTOP-QTVNGQR"}, {"name": "thread", "value": "14312-MainThread"}, {"name": "framework", "value": "pytest"}, {"name": "language", "value": "cpython3"}, {"name": "package", "value": "test_automation_flow"}]}