{"name": "test_automation_flow", "status": "broken", "statusDetails": {"message": "selenium.common.exceptions.TimeoutException: Message: \nStacktrace:\n\tGetHandleVerifier [0x00007FF63FA3B632+29090]\n\t(No symbol) [0x00007FF63F9AE6E9]\n\t(No symbol) [0x00007FF63F86B1CA]\n\t(No symbol) [0x00007FF63F8BEFD7]\n\t(No symbol) [0x00007FF63F8BF22C]\n\t(No symbol) [0x00007FF63F9097F7]\n\t(No symbol) [0x00007FF63F8E672F]\n\t(No symbol) [0x00007FF63F9065D9]\n\t(No symbol) [0x00007FF63F8E6493]\n\t(No symbol) [0x00007FF63F8B09B1]\n\t(No symbol) [0x00007FF63F8B1B11]\n\tGetHandleVerifier [0x00007FF63FD5883D+3294125]\n\tGetHandleVerifier [0x00007FF63FDA4423+3604371]\n\tGetHandleVerifier [0x00007FF63FD9A2E7+3563095]\n\tGetHandleVerifier [0x00007FF63FAF6F16+797318]\n\t(No symbol) [0x00007FF63F9B986F]\n\t(No symbol) [0x00007FF63F9B5454]\n\t(No symbol) [0x00007FF63F9B55E0]\n\t(No symbol) [0x00007FF63F9A4A7F]\n\tBaseThreadInitThunk [0x00007FFAE06C7374+20]\n\tRtlUserThreadStart [0x00007FFAE201CC91+33]", "trace": "driver = <selenium.webdriver.chrome.webdriver.WebDriver (session=\"4a9e608f617940ce1d509f746aec19f0\")>\n\n    def test_automation_flow(driver):\n        google_page = GooglePage(driver)\n        jumia_page = JumiaPage(driver)\n    \n        with allure.step(\"Step 1: Create a Google account\"):\n>           google_page.create_account(\"Martin\", \"NCBA\",\"Cactus13@\")\n\ntest_automation_flow.py:244: \n_ _ _ _ _ _ _ _ _ _ _ _ _ _ _ _ _ _ _ _ _ _ _ _ _ _ _ _ _ _ _ _ _ _ _ _ _ _ _ _\ntest_automation_flow.py:117: in create_account\n    raise e\ntest_automation_flow.py:86: in create_account\n    self.enter_text(By.ID, \"username\", username)\ntest_automation_flow.py:125: in enter_text\n    element = self.wait.until(EC.element_to_be_clickable((by, element_id)))\n_ _ _ _ _ _ _ _ _ _ _ _ _ _ _ _ _ _ _ _ _ _ _ _ _ _ _ _ _ _ _ _ _ _ _ _ _ _ _ _\n\nself = <selenium.webdriver.support.wait.WebDriverWait (session=\"4a9e608f617940ce1d509f746aec19f0\")>\nmethod = <function element_to_be_clickable.<locals>._predicate at 0x00000236A89DB9D0>\nmessage = ''\n\n    def until(self, method: Callable[[D], Union[Literal[False], T]], message: str = \"\") -> T:\n        \"\"\"Calls the method provided with the driver as an argument until the \\\n        return value does not evaluate to ``False``.\n    \n        :param method: callable(WebDriver)\n        :param message: optional message for :exc:`TimeoutException`\n        :returns: the result of the last call to `method`\n        :raises: :exc:`selenium.common.exceptions.TimeoutException` if timeout occurs\n        \"\"\"\n        screen = None\n        stacktrace = None\n    \n        end_time = time.monotonic() + self._timeout\n        while True:\n            try:\n                value = method(self._driver)\n                if value:\n                    return value\n            except self._ignored_exceptions as exc:\n                screen = getattr(exc, \"screen\", None)\n                stacktrace = getattr(exc, \"stacktrace\", None)\n            time.sleep(self._poll)\n            if time.monotonic() > end_time:\n                break\n>       raise TimeoutException(message, screen, stacktrace)\nE       selenium.common.exceptions.TimeoutException: Message: \nE       Stacktrace:\nE       \tGetHandleVerifier [0x00007FF63FA3B632+29090]\nE       \t(No symbol) [0x00007FF63F9AE6E9]\nE       \t(No symbol) [0x00007FF63F86B1CA]\nE       \t(No symbol) [0x00007FF63F8BEFD7]\nE       \t(No symbol) [0x00007FF63F8BF22C]\nE       \t(No symbol) [0x00007FF63F9097F7]\nE       \t(No symbol) [0x00007FF63F8E672F]\nE       \t(No symbol) [0x00007FF63F9065D9]\nE       \t(No symbol) [0x00007FF63F8E6493]\nE       \t(No symbol) [0x00007FF63F8B09B1]\nE       \t(No symbol) [0x00007FF63F8B1B11]\nE       \tGetHandleVerifier [0x00007FF63FD5883D+3294125]\nE       \tGetHandleVerifier [0x00007FF63FDA4423+3604371]\nE       \tGetHandleVerifier [0x00007FF63FD9A2E7+3563095]\nE       \tGetHandleVerifier [0x00007FF63FAF6F16+797318]\nE       \t(No symbol) [0x00007FF63F9B986F]\nE       \t(No symbol) [0x00007FF63F9B5454]\nE       \t(No symbol) [0x00007FF63F9B55E0]\nE       \t(No symbol) [0x00007FF63F9A4A7F]\nE       \tBaseThreadInitThunk [0x00007FFAE06C7374+20]\nE       \tRtlUserThreadStart [0x00007FFAE201CC91+33]\n\nC:\\Python\\Python38\\lib\\site-packages\\selenium\\webdriver\\support\\wait.py:105: TimeoutException"}, "steps": [{"name": "Step 1: Create a Google account", "status": "broken", "statusDetails": {"message": "selenium.common.exceptions.TimeoutException: Message: \nStacktrace:\n\tGetHandleVerifier [0x00007FF63FA3B632+29090]\n\t(No symbol) [0x00007FF63F9AE6E9]\n\t(No symbol) [0x00007FF63F86B1CA]\n\t(No symbol) [0x00007FF63F8BEFD7]\n\t(No symbol) [0x00007FF63F8BF22C]\n\t(No symbol) [0x00007FF63F9097F7]\n\t(No symbol) [0x00007FF63F8E672F]\n\t(No symbol) [0x00007FF63F9065D9]\n\t(No symbol) [0x00007FF63F8E6493]\n\t(No symbol) [0x00007FF63F8B09B1]\n\t(No symbol) [0x00007FF63F8B1B11]\n\tGetHandleVerifier [0x00007FF63FD5883D+3294125]\n\tGetHandleVerifier [0x00007FF63FDA4423+3604371]\n\tGetHandleVerifier [0x00007FF63FD9A2E7+3563095]\n\tGetHandleVerifier [0x00007FF63FAF6F16+797318]\n\t(No symbol) [0x00007FF63F9B986F]\n\t(No symbol) [0x00007FF63F9B5454]\n\t(No symbol) [0x00007FF63F9B55E0]\n\t(No symbol) [0x00007FF63F9A4A7F]\n\tBaseThreadInitThunk [0x00007FFAE06C7374+20]\n\tRtlUserThreadStart [0x00007FFAE201CC91+33]\n\n", "trace": "  File \"C:\\Users\\lenovo\\Downloads\\test_automation_flow.py\", line 244, in test_automation_flow\n    google_page.create_account(\"Martin\", \"NCBA\",\"Cactus13@\")\n  File \"C:\\Python\\Python38\\lib\\site-packages\\allure_commons\\_allure.py\", line 192, in impl\n    return func(*a, **kw)\n  File \"C:\\Users\\lenovo\\Downloads\\test_automation_flow.py\", line 117, in create_account\n    raise e\n  File \"C:\\Users\\lenovo\\Downloads\\test_automation_flow.py\", line 86, in create_account\n    self.enter_text(By.ID, \"username\", username)\n  File \"C:\\Users\\lenovo\\Downloads\\test_automation_flow.py\", line 125, in enter_text\n    element = self.wait.until(EC.element_to_be_clickable((by, element_id)))\n  File \"C:\\Python\\Python38\\lib\\site-packages\\selenium\\webdriver\\support\\wait.py\", line 105, in until\n    raise TimeoutException(message, screen, stacktrace)\n"}, "steps": [{"name": "Fill in Google account signup form with details", "status": "broken", "statusDetails": {"message": "selenium.common.exceptions.TimeoutException: Message: \nStacktrace:\n\tGetHandleVerifier [0x00007FF63FA3B632+29090]\n\t(No symbol) [0x00007FF63F9AE6E9]\n\t(No symbol) [0x00007FF63F86B1CA]\n\t(No symbol) [0x00007FF63F8BEFD7]\n\t(No symbol) [0x00007FF63F8BF22C]\n\t(No symbol) [0x00007FF63F9097F7]\n\t(No symbol) [0x00007FF63F8E672F]\n\t(No symbol) [0x00007FF63F9065D9]\n\t(No symbol) [0x00007FF63F8E6493]\n\t(No symbol) [0x00007FF63F8B09B1]\n\t(No symbol) [0x00007FF63F8B1B11]\n\tGetHandleVerifier [0x00007FF63FD5883D+3294125]\n\tGetHandleVerifier [0x00007FF63FDA4423+3604371]\n\tGetHandleVerifier [0x00007FF63FD9A2E7+3563095]\n\tGetHandleVerifier [0x00007FF63FAF6F16+797318]\n\t(No symbol) [0x00007FF63F9B986F]\n\t(No symbol) [0x00007FF63F9B5454]\n\t(No symbol) [0x00007FF63F9B55E0]\n\t(No symbol) [0x00007FF63F9A4A7F]\n\tBaseThreadInitThunk [0x00007FFAE06C7374+20]\n\tRtlUserThreadStart [0x00007FFAE201CC91+33]\n\n", "trace": "  File \"C:\\Python\\Python38\\lib\\site-packages\\allure_commons\\_allure.py\", line 192, in impl\n    return func(*a, **kw)\n  File \"C:\\Users\\lenovo\\Downloads\\test_automation_flow.py\", line 117, in create_account\n    raise e\n  File \"C:\\Users\\lenovo\\Downloads\\test_automation_flow.py\", line 86, in create_account\n    self.enter_text(By.ID, \"username\", username)\n  File \"C:\\Users\\lenovo\\Downloads\\test_automation_flow.py\", line 125, in enter_text\n    element = self.wait.until(EC.element_to_be_clickable((by, element_id)))\n  File \"C:\\Python\\Python38\\lib\\site-packages\\selenium\\webdriver\\support\\wait.py\", line 105, in until\n    raise TimeoutException(message, screen, stacktrace)\n"}, "steps": [{"name": "Open Google account signup page", "status": "passed", "start": 1725006796546, "stop": 1725006884309}], "attachments": [{"name": "screenshot", "source": "193282f9-71a3-4f8b-822d-847fd09e1ce0-attachment.png", "type": "image/png"}], "parameters": [{"name": "first_name", "value": "'Martin'"}, {"name": "last_name", "value": "'NCBA'"}, {"name": "username", "value": "'Cactus13@'"}], "start": 1725006796546, "stop": 1725007024638}], "start": 1725006796541, "stop": 1725007028004}], "start": 1725006796541, "stop": 1725007028004, "uuid": "3de79ed7-a09e-4bc0-bf17-5b92507d7db1", "historyId": "e891e0b0ecda78f664732d0fc0c99438", "testCaseId": "e891e0b0ecda78f664732d0fc0c99438", "fullName": "test_automation_flow#test_automation_flow", "labels": [{"name": "suite", "value": "test_automation_flow"}, {"name": "host", "value": "DESKTOP-QTVNGQR"}, {"name": "thread", "value": "7656-MainThread"}, {"name": "framework", "value": "pytest"}, {"name": "language", "value": "cpython3"}, {"name": "package", "value": "test_automation_flow"}]}