{"name": "test_automation_flow", "status": "broken", "statusDetails": {"message": "selenium.common.exceptions.TimeoutException: Message: \nStacktrace:\n\tGetHandleVerifier [0x00007FF69882B632+29090]\n\t(No symbol) [0x00007FF69879E6E9]\n\t(No symbol) [0x00007FF69865B1CA]\n\t(No symbol) [0x00007FF6986AEFD7]\n\t(No symbol) [0x00007FF6986AF22C]\n\t(No symbol) [0x00007FF6986F97F7]\n\t(No symbol) [0x00007FF6986D672F]\n\t(No symbol) [0x00007FF6986F65D9]\n\t(No symbol) [0x00007FF6986D6493]\n\t(No symbol) [0x00007FF6986A09B1]\n\t(No symbol) [0x00007FF6986A1B11]\n\tGetHandleVerifier [0x00007FF698B4883D+3294125]\n\tGetHandleVerifier [0x00007FF698B94423+3604371]\n\tGetHandleVerifier [0x00007FF698B8A2E7+3563095]\n\tGetHandleVerifier [0x00007FF6988E6F16+797318]\n\t(No symbol) [0x00007FF6987A986F]\n\t(No symbol) [0x00007FF6987A5454]\n\t(No symbol) [0x00007FF6987A55E0]\n\t(No symbol) [0x00007FF698794A7F]\n\tBaseThreadInitThunk [0x00007FFAE06C7374+20]\n\tRtlUserThreadStart [0x00007FFAE201CC91+33]", "trace": "driver = <selenium.webdriver.chrome.webdriver.WebDriver (session=\"c0afae7f3341be1b8932d2e6e9459e8f\")>\n\n    def test_automation_flow(driver):\n        google_page = GooglePage(driver)\n        jumia_page = JumiaPage(driver)\n    \n        with allure.step(\"Step 1: Create a Google account\"):\n>           google_page.create_account(\"Martin\", \"NCBA\",\"Cactus13@\")\n\ntest_automation_flow.py:246: \n_ _ _ _ _ _ _ _ _ _ _ _ _ _ _ _ _ _ _ _ _ _ _ _ _ _ _ _ _ _ _ _ _ _ _ _ _ _ _ _\ntest_automation_flow.py:120: in create_account\n    raise e\ntest_automation_flow.py:86: in create_account\n    self.enter_text(By.ID, \"username\", username)\ntest_automation_flow.py:128: in enter_text\n    element = self.wait.until(EC.element_to_be_clickable((by, element_id)))\n_ _ _ _ _ _ _ _ _ _ _ _ _ _ _ _ _ _ _ _ _ _ _ _ _ _ _ _ _ _ _ _ _ _ _ _ _ _ _ _\n\nself = <selenium.webdriver.support.wait.WebDriverWait (session=\"c0afae7f3341be1b8932d2e6e9459e8f\")>\nmethod = <function element_to_be_clickable.<locals>._predicate at 0x000002890BF2B9D0>\nmessage = ''\n\n    def until(self, method: Callable[[D], Union[Literal[False], T]], message: str = \"\") -> T:\n        \"\"\"Calls the method provided with the driver as an argument until the \\\n        return value does not evaluate to ``False``.\n    \n        :param method: callable(WebDriver)\n        :param message: optional message for :exc:`TimeoutException`\n        :returns: the result of the last call to `method`\n        :raises: :exc:`selenium.common.exceptions.TimeoutException` if timeout occurs\n        \"\"\"\n        screen = None\n        stacktrace = None\n    \n        end_time = time.monotonic() + self._timeout\n        while True:\n            try:\n                value = method(self._driver)\n                if value:\n                    return value\n            except self._ignored_exceptions as exc:\n                screen = getattr(exc, \"screen\", None)\n                stacktrace = getattr(exc, \"stacktrace\", None)\n            time.sleep(self._poll)\n            if time.monotonic() > end_time:\n                break\n>       raise TimeoutException(message, screen, stacktrace)\nE       selenium.common.exceptions.TimeoutException: Message: \nE       Stacktrace:\nE       \tGetHandleVerifier [0x00007FF69882B632+29090]\nE       \t(No symbol) [0x00007FF69879E6E9]\nE       \t(No symbol) [0x00007FF69865B1CA]\nE       \t(No symbol) [0x00007FF6986AEFD7]\nE       \t(No symbol) [0x00007FF6986AF22C]\nE       \t(No symbol) [0x00007FF6986F97F7]\nE       \t(No symbol) [0x00007FF6986D672F]\nE       \t(No symbol) [0x00007FF6986F65D9]\nE       \t(No symbol) [0x00007FF6986D6493]\nE       \t(No symbol) [0x00007FF6986A09B1]\nE       \t(No symbol) [0x00007FF6986A1B11]\nE       \tGetHandleVerifier [0x00007FF698B4883D+3294125]\nE       \tGetHandleVerifier [0x00007FF698B94423+3604371]\nE       \tGetHandleVerifier [0x00007FF698B8A2E7+3563095]\nE       \tGetHandleVerifier [0x00007FF6988E6F16+797318]\nE       \t(No symbol) [0x00007FF6987A986F]\nE       \t(No symbol) [0x00007FF6987A5454]\nE       \t(No symbol) [0x00007FF6987A55E0]\nE       \t(No symbol) [0x00007FF698794A7F]\nE       \tBaseThreadInitThunk [0x00007FFAE06C7374+20]\nE       \tRtlUserThreadStart [0x00007FFAE201CC91+33]\n\nC:\\Python\\Python38\\lib\\site-packages\\selenium\\webdriver\\support\\wait.py:105: TimeoutException"}, "steps": [{"name": "Step 1: Create a Google account", "status": "broken", "statusDetails": {"message": "selenium.common.exceptions.TimeoutException: Message: \nStacktrace:\n\tGetHandleVerifier [0x00007FF69882B632+29090]\n\t(No symbol) [0x00007FF69879E6E9]\n\t(No symbol) [0x00007FF69865B1CA]\n\t(No symbol) [0x00007FF6986AEFD7]\n\t(No symbol) [0x00007FF6986AF22C]\n\t(No symbol) [0x00007FF6986F97F7]\n\t(No symbol) [0x00007FF6986D672F]\n\t(No symbol) [0x00007FF6986F65D9]\n\t(No symbol) [0x00007FF6986D6493]\n\t(No symbol) [0x00007FF6986A09B1]\n\t(No symbol) [0x00007FF6986A1B11]\n\tGetHandleVerifier [0x00007FF698B4883D+3294125]\n\tGetHandleVerifier [0x00007FF698B94423+3604371]\n\tGetHandleVerifier [0x00007FF698B8A2E7+3563095]\n\tGetHandleVerifier [0x00007FF6988E6F16+797318]\n\t(No symbol) [0x00007FF6987A986F]\n\t(No symbol) [0x00007FF6987A5454]\n\t(No symbol) [0x00007FF6987A55E0]\n\t(No symbol) [0x00007FF698794A7F]\n\tBaseThreadInitThunk [0x00007FFAE06C7374+20]\n\tRtlUserThreadStart [0x00007FFAE201CC91+33]\n\n", "trace": "  File \"C:\\Users\\lenovo\\Downloads\\test_automation_flow.py\", line 246, in test_automation_flow\n    google_page.create_account(\"Martin\", \"NCBA\",\"Cactus13@\")\n  File \"C:\\Python\\Python38\\lib\\site-packages\\allure_commons\\_allure.py\", line 192, in impl\n    return func(*a, **kw)\n  File \"C:\\Users\\lenovo\\Downloads\\test_automation_flow.py\", line 120, in create_account\n    raise e\n  File \"C:\\Users\\lenovo\\Downloads\\test_automation_flow.py\", line 86, in create_account\n    self.enter_text(By.ID, \"username\", username)\n  File \"C:\\Users\\lenovo\\Downloads\\test_automation_flow.py\", line 128, in enter_text\n    element = self.wait.until(EC.element_to_be_clickable((by, element_id)))\n  File \"C:\\Python\\Python38\\lib\\site-packages\\selenium\\webdriver\\support\\wait.py\", line 105, in until\n    raise TimeoutException(message, screen, stacktrace)\n"}, "steps": [{"name": "Fill in Google account signup form with details", "status": "broken", "statusDetails": {"message": "selenium.common.exceptions.TimeoutException: Message: \nStacktrace:\n\tGetHandleVerifier [0x00007FF69882B632+29090]\n\t(No symbol) [0x00007FF69879E6E9]\n\t(No symbol) [0x00007FF69865B1CA]\n\t(No symbol) [0x00007FF6986AEFD7]\n\t(No symbol) [0x00007FF6986AF22C]\n\t(No symbol) [0x00007FF6986F97F7]\n\t(No symbol) [0x00007FF6986D672F]\n\t(No symbol) [0x00007FF6986F65D9]\n\t(No symbol) [0x00007FF6986D6493]\n\t(No symbol) [0x00007FF6986A09B1]\n\t(No symbol) [0x00007FF6986A1B11]\n\tGetHandleVerifier [0x00007FF698B4883D+3294125]\n\tGetHandleVerifier [0x00007FF698B94423+3604371]\n\tGetHandleVerifier [0x00007FF698B8A2E7+3563095]\n\tGetHandleVerifier [0x00007FF6988E6F16+797318]\n\t(No symbol) [0x00007FF6987A986F]\n\t(No symbol) [0x00007FF6987A5454]\n\t(No symbol) [0x00007FF6987A55E0]\n\t(No symbol) [0x00007FF698794A7F]\n\tBaseThreadInitThunk [0x00007FFAE06C7374+20]\n\tRtlUserThreadStart [0x00007FFAE201CC91+33]\n\n", "trace": "  File \"C:\\Python\\Python38\\lib\\site-packages\\allure_commons\\_allure.py\", line 192, in impl\n    return func(*a, **kw)\n  File \"C:\\Users\\lenovo\\Downloads\\test_automation_flow.py\", line 120, in create_account\n    raise e\n  File \"C:\\Users\\lenovo\\Downloads\\test_automation_flow.py\", line 86, in create_account\n    self.enter_text(By.ID, \"username\", username)\n  File \"C:\\Users\\lenovo\\Downloads\\test_automation_flow.py\", line 128, in enter_text\n    element = self.wait.until(EC.element_to_be_clickable((by, element_id)))\n  File \"C:\\Python\\Python38\\lib\\site-packages\\selenium\\webdriver\\support\\wait.py\", line 105, in until\n    raise TimeoutException(message, screen, stacktrace)\n"}, "steps": [{"name": "Open Google account signup page", "status": "passed", "start": 1724972438449, "stop": 1724972450477}], "attachments": [{"name": "screenshot", "source": "a886a9f5-a288-4e15-9007-2c7157974d02-attachment.png", "type": "image/png"}], "parameters": [{"name": "first_name", "value": "'Martin'"}, {"name": "last_name", "value": "'NCBA'"}, {"name": "username", "value": "'Cactus13@'"}], "start": 1724972438449, "stop": 1724972493304}], "start": 1724972438449, "stop": 1724972493360}], "start": 1724972438449, "stop": 1724972493360, "uuid": "e7c19f41-37a7-4061-a561-cd37458d50f0", "historyId": "e891e0b0ecda78f664732d0fc0c99438", "testCaseId": "e891e0b0ecda78f664732d0fc0c99438", "fullName": "test_automation_flow#test_automation_flow", "labels": [{"name": "suite", "value": "test_automation_flow"}, {"name": "host", "value": "DESKTOP-QTVNGQR"}, {"name": "thread", "value": "19320-MainThread"}, {"name": "framework", "value": "pytest"}, {"name": "language", "value": "cpython3"}, {"name": "package", "value": "test_automation_flow"}]}