{"name": "test_automation_flow", "status": "broken", "statusDetails": {"message": "NameError: name 'TimeoutException' is not defined", "trace": "self = <test_automation_flow.GooglePage object at 0x0000021C7037FEB0>\nfirst_name = 'Martin', last_name = 'NCBA', username = 'Martin_NCBA'\npassword = 'Password@123'\n\n    @allure.step(\"Fill in Google account signup form\")\n    def create_account(self, first_name, last_name, username, password):\n        try:\n>           self.open_signup_page()\n\ntest_automation_flow.py:60: \n_ _ _ _ _ _ _ _ _ _ _ _ _ _ _ _ _ _ _ _ _ _ _ _ _ _ _ _ _ _ _ _ _ _ _ _ _ _ _ _\ntest_automation_flow.py:55: in open_signup_page\n    self.wait.until(EC.presence_of_element_located((By.ID, \"firstName\")))\n_ _ _ _ _ _ _ _ _ _ _ _ _ _ _ _ _ _ _ _ _ _ _ _ _ _ _ _ _ _ _ _ _ _ _ _ _ _ _ _\n\nself = <selenium.webdriver.support.wait.WebDriverWait (session=\"4bf1aa34f136a276df52379ec12d44cd\")>\nmethod = <function presence_of_element_located.<locals>._predicate at 0x0000021C7032EDC0>\nmessage = ''\n\n    def until(self, method: Callable[[D], Union[Literal[False], T]], message: str = \"\") -> T:\n        \"\"\"Calls the method provided with the driver as an argument until the \\\n        return value does not evaluate to ``False``.\n    \n        :param method: callable(WebDriver)\n        :param message: optional message for :exc:`TimeoutException`\n        :returns: the result of the last call to `method`\n        :raises: :exc:`selenium.common.exceptions.TimeoutException` if timeout occurs\n        \"\"\"\n        screen = None\n        stacktrace = None\n    \n        end_time = time.monotonic() + self._timeout\n        while True:\n            try:\n                value = method(self._driver)\n                if value:\n                    return value\n            except self._ignored_exceptions as exc:\n                screen = getattr(exc, \"screen\", None)\n                stacktrace = getattr(exc, \"stacktrace\", None)\n            time.sleep(self._poll)\n            if time.monotonic() > end_time:\n                break\n>       raise TimeoutException(message, screen, stacktrace)\nE       selenium.common.exceptions.TimeoutException: Message: \nE       Stacktrace:\nE       \tGetHandleVerifier [0x00007FF7F010B632+29090]\nE       \t(No symbol) [0x00007FF7F007E6E9]\nE       \t(No symbol) [0x00007FF7EFF3B1CA]\nE       \t(No symbol) [0x00007FF7EFF8EFD7]\nE       \t(No symbol) [0x00007FF7EFF8F22C]\nE       \t(No symbol) [0x00007FF7EFFD97F7]\nE       \t(No symbol) [0x00007FF7EFFB672F]\nE       \t(No symbol) [0x00007FF7EFFD65D9]\nE       \t(No symbol) [0x00007FF7EFFB6493]\nE       \t(No symbol) [0x00007FF7EFF809B1]\nE       \t(No symbol) [0x00007FF7EFF81B11]\nE       \tGetHandleVerifier [0x00007FF7F042883D+3294125]\nE       \tGetHandleVerifier [0x00007FF7F0474423+3604371]\nE       \tGetHandleVerifier [0x00007FF7F046A2E7+3563095]\nE       \tGetHandleVerifier [0x00007FF7F01C6F16+797318]\nE       \t(No symbol) [0x00007FF7F008986F]\nE       \t(No symbol) [0x00007FF7F0085454]\nE       \t(No symbol) [0x00007FF7F00855E0]\nE       \t(No symbol) [0x00007FF7F0074A7F]\nE       \tBaseThreadInitThunk [0x00007FFAE06C7374+20]\nE       \tRtlUserThreadStart [0x00007FFAE201CC91+33]\n\nC:\\Python\\Python38\\lib\\site-packages\\selenium\\webdriver\\support\\wait.py:105: TimeoutException\n\nDuring handling of the above exception, another exception occurred:\n\ndriver = <selenium.webdriver.chrome.webdriver.WebDriver (session=\"4bf1aa34f136a276df52379ec12d44cd\")>\n\n    def test_automation_flow(driver):\n        google_page = GooglePage(driver)\n        jumia_page = JumiaPage(driver)\n    \n        with allure.step(\"Step 1: Create a Google account\"):\n>           google_page.create_account(\"Martin\", \"NCBA\", \"Martin_NCBA\", \"Password@123\")\n\ntest_automation_flow.py:157: \n_ _ _ _ _ _ _ _ _ _ _ _ _ _ _ _ _ _ _ _ _ _ _ _ _ _ _ _ _ _ _ _ _ _ _ _ _ _ _ _\n\nself = <test_automation_flow.GooglePage object at 0x0000021C7037FEB0>\nfirst_name = 'Martin', last_name = 'NCBA', username = 'Martin_NCBA'\npassword = 'Password@123'\n\n    @allure.step(\"Fill in Google account signup form\")\n    def create_account(self, first_name, last_name, username, password):\n        try:\n            self.open_signup_page()\n            # Wait for the form elements to be interactive\n            self.wait.until(EC.element_to_be_clickable((By.ID, \"firstName\")))\n    \n            self.enter_text(By.ID, \"firstName\", first_name)\n            self.enter_text(By.ID, \"lastName\", last_name)\n            self.enter_text(By.ID, \"username\", username)\n            self.enter_text(By.NAME, \"Passwd\", password)\n            self.enter_text(By.NAME, \"ConfirmPasswd\", password)\n    \n            # Wait for the 'Next' button to be clickable\n            self.wait.until(EC.element_to_be_clickable((By.XPATH, \"//span[text()='Next']\")))\n            self.click(By.XPATH, \"//span[text()='Next']\")\n    \n            # Add additional wait if necessary for any subsequent pages\n            # For example, wait for a specific element on the next page to ensure navigation\n            self.wait.until(EC.presence_of_element_located((By.ID, \"someElementOnNextPage\")))\n    \n>       except TimeoutException as e:\nE       NameError: name 'TimeoutException' is not defined\n\ntest_automation_flow.py:78: NameError"}, "steps": [{"name": "Step 1: Create a Google account", "status": "broken", "statusDetails": {"message": "NameError: name 'TimeoutException' is not defined\n", "trace": "  File \"C:\\Users\\lenovo\\Downloads\\test_automation_flow.py\", line 157, in test_automation_flow\n    google_page.create_account(\"Martin\", \"NCBA\", \"Martin_NCBA\", \"Password@123\")\n  File \"C:\\Python\\Python38\\lib\\site-packages\\allure_commons\\_allure.py\", line 192, in impl\n    return func(*a, **kw)\n  File \"C:\\Users\\lenovo\\Downloads\\test_automation_flow.py\", line 78, in create_account\n    except TimeoutException as e:\n"}, "steps": [{"name": "Fill in Google account signup form", "status": "broken", "statusDetails": {"message": "NameError: name 'TimeoutException' is not defined\n", "trace": "  File \"C:\\Python\\Python38\\lib\\site-packages\\allure_commons\\_allure.py\", line 192, in impl\n    return func(*a, **kw)\n  File \"C:\\Users\\lenovo\\Downloads\\test_automation_flow.py\", line 78, in create_account\n    except TimeoutException as e:\n"}, "steps": [{"name": "Open Google account signup page", "status": "broken", "statusDetails": {"message": "selenium.common.exceptions.TimeoutException: Message: \nStacktrace:\n\tGetHandleVerifier [0x00007FF7F010B632+29090]\n\t(No symbol) [0x00007FF7F007E6E9]\n\t(No symbol) [0x00007FF7EFF3B1CA]\n\t(No symbol) [0x00007FF7EFF8EFD7]\n\t(No symbol) [0x00007FF7EFF8F22C]\n\t(No symbol) [0x00007FF7EFFD97F7]\n\t(No symbol) [0x00007FF7EFFB672F]\n\t(No symbol) [0x00007FF7EFFD65D9]\n\t(No symbol) [0x00007FF7EFFB6493]\n\t(No symbol) [0x00007FF7EFF809B1]\n\t(No symbol) [0x00007FF7EFF81B11]\n\tGetHandleVerifier [0x00007FF7F042883D+3294125]\n\tGetHandleVerifier [0x00007FF7F0474423+3604371]\n\tGetHandleVerifier [0x00007FF7F046A2E7+3563095]\n\tGetHandleVerifier [0x00007FF7F01C6F16+797318]\n\t(No symbol) [0x00007FF7F008986F]\n\t(No symbol) [0x00007FF7F0085454]\n\t(No symbol) [0x00007FF7F00855E0]\n\t(No symbol) [0x00007FF7F0074A7F]\n\tBaseThreadInitThunk [0x00007FFAE06C7374+20]\n\tRtlUserThreadStart [0x00007FFAE201CC91+33]\n\n", "trace": "  File \"C:\\Python\\Python38\\lib\\site-packages\\allure_commons\\_allure.py\", line 192, in impl\n    return func(*a, **kw)\n  File \"C:\\Users\\lenovo\\Downloads\\test_automation_flow.py\", line 55, in open_signup_page\n    self.wait.until(EC.presence_of_element_located((By.ID, \"firstName\")))\n  File \"C:\\Python\\Python38\\lib\\site-packages\\selenium\\webdriver\\support\\wait.py\", line 105, in until\n    raise TimeoutException(message, screen, stacktrace)\n"}, "start": 1724927833351, "stop": 1724927863733}], "parameters": [{"name": "first_name", "value": "'Martin'"}, {"name": "last_name", "value": "'NCBA'"}, {"name": "username", "value": "'Martin_NCBA'"}, {"name": "password", "value": "'Password@123'"}], "start": 1724927833350, "stop": 1724927863874}], "start": 1724927833348, "stop": 1724927863874}], "start": 1724927833346, "stop": 1724927863874, "uuid": "8f33ae34-5b8f-4203-8d87-b060025ce8ca", "historyId": "e891e0b0ecda78f664732d0fc0c99438", "testCaseId": "e891e0b0ecda78f664732d0fc0c99438", "fullName": "test_automation_flow#test_automation_flow", "labels": [{"name": "suite", "value": "test_automation_flow"}, {"name": "host", "value": "DESKTOP-QTVNGQR"}, {"name": "thread", "value": "13892-MainThread"}, {"name": "framework", "value": "pytest"}, {"name": "language", "value": "cpython3"}, {"name": "package", "value": "test_automation_flow"}]}