{"name": "test_automation_flow", "status": "broken", "statusDetails": {"message": "selenium.common.exceptions.TimeoutException: Message: \nStacktrace:\n\tGetHandleVerifier [0x00007FF67FC9B632+29090]\n\t(No symbol) [0x00007FF67FC0E6E9]\n\t(No symbol) [0x00007FF67FACB1CA]\n\t(No symbol) [0x00007FF67FB1EFD7]\n\t(No symbol) [0x00007FF67FB1F22C]\n\t(No symbol) [0x00007FF67FB697F7]\n\t(No symbol) [0x00007FF67FB4672F]\n\t(No symbol) [0x00007FF67FB665D9]\n\t(No symbol) [0x00007FF67FB46493]\n\t(No symbol) [0x00007FF67FB109B1]\n\t(No symbol) [0x00007FF67FB11B11]\n\tGetHandleVerifier [0x00007FF67FFB883D+3294125]\n\tGetHandleVerifier [0x00007FF680004423+3604371]\n\tGetHandleVerifier [0x00007FF67FFFA2E7+3563095]\n\tGetHandleVerifier [0x00007FF67FD56F16+797318]\n\t(No symbol) [0x00007FF67FC1986F]\n\t(No symbol) [0x00007FF67FC15454]\n\t(No symbol) [0x00007FF67FC155E0]\n\t(No symbol) [0x00007FF67FC04A7F]\n\tBaseThreadInitThunk [0x00007FFAE06C7374+20]\n\tRtlUserThreadStart [0x00007FFAE201CC91+33]", "trace": "driver = <selenium.webdriver.chrome.webdriver.WebDriver (session=\"a69e16119b5ab7bc62abd6ddbbec5e2b\")>\n\n    def test_automation_flow(driver):\n        google_page = GooglePage(driver)\n        jumia_page = JumiaPage(driver)\n    \n        with allure.step(\"Step 1: Create a Google account\"):\n>           google_page.create_account(\"Martin\", \"NCBA\",\"Cactus13@\")\n\ntest_automation_flow.py:222: \n_ _ _ _ _ _ _ _ _ _ _ _ _ _ _ _ _ _ _ _ _ _ _ _ _ _ _ _ _ _ _ _ _ _ _ _ _ _ _ _\ntest_automation_flow.py:114: in create_account\n    raise e\ntest_automation_flow.py:86: in create_account\n    self.enter_text(By.ID, \"username\", username)\ntest_automation_flow.py:122: in enter_text\n    element = self.wait.until(EC.element_to_be_clickable((by, element_id)))\n_ _ _ _ _ _ _ _ _ _ _ _ _ _ _ _ _ _ _ _ _ _ _ _ _ _ _ _ _ _ _ _ _ _ _ _ _ _ _ _\n\nself = <selenium.webdriver.support.wait.WebDriverWait (session=\"a69e16119b5ab7bc62abd6ddbbec5e2b\")>\nmethod = <function element_to_be_clickable.<locals>._predicate at 0x000001AA0D66C9D0>\nmessage = ''\n\n    def until(self, method: Callable[[D], Union[Literal[False], T]], message: str = \"\") -> T:\n        \"\"\"Calls the method provided with the driver as an argument until the \\\n        return value does not evaluate to ``False``.\n    \n        :param method: callable(WebDriver)\n        :param message: optional message for :exc:`TimeoutException`\n        :returns: the result of the last call to `method`\n        :raises: :exc:`selenium.common.exceptions.TimeoutException` if timeout occurs\n        \"\"\"\n        screen = None\n        stacktrace = None\n    \n        end_time = time.monotonic() + self._timeout\n        while True:\n            try:\n                value = method(self._driver)\n                if value:\n                    return value\n            except self._ignored_exceptions as exc:\n                screen = getattr(exc, \"screen\", None)\n                stacktrace = getattr(exc, \"stacktrace\", None)\n            time.sleep(self._poll)\n            if time.monotonic() > end_time:\n                break\n>       raise TimeoutException(message, screen, stacktrace)\nE       selenium.common.exceptions.TimeoutException: Message: \nE       Stacktrace:\nE       \tGetHandleVerifier [0x00007FF67FC9B632+29090]\nE       \t(No symbol) [0x00007FF67FC0E6E9]\nE       \t(No symbol) [0x00007FF67FACB1CA]\nE       \t(No symbol) [0x00007FF67FB1EFD7]\nE       \t(No symbol) [0x00007FF67FB1F22C]\nE       \t(No symbol) [0x00007FF67FB697F7]\nE       \t(No symbol) [0x00007FF67FB4672F]\nE       \t(No symbol) [0x00007FF67FB665D9]\nE       \t(No symbol) [0x00007FF67FB46493]\nE       \t(No symbol) [0x00007FF67FB109B1]\nE       \t(No symbol) [0x00007FF67FB11B11]\nE       \tGetHandleVerifier [0x00007FF67FFB883D+3294125]\nE       \tGetHandleVerifier [0x00007FF680004423+3604371]\nE       \tGetHandleVerifier [0x00007FF67FFFA2E7+3563095]\nE       \tGetHandleVerifier [0x00007FF67FD56F16+797318]\nE       \t(No symbol) [0x00007FF67FC1986F]\nE       \t(No symbol) [0x00007FF67FC15454]\nE       \t(No symbol) [0x00007FF67FC155E0]\nE       \t(No symbol) [0x00007FF67FC04A7F]\nE       \tBaseThreadInitThunk [0x00007FFAE06C7374+20]\nE       \tRtlUserThreadStart [0x00007FFAE201CC91+33]\n\nC:\\Python\\Python38\\lib\\site-packages\\selenium\\webdriver\\support\\wait.py:105: TimeoutException"}, "steps": [{"name": "Step 1: Create a Google account", "status": "broken", "statusDetails": {"message": "selenium.common.exceptions.TimeoutException: Message: \nStacktrace:\n\tGetHandleVerifier [0x00007FF67FC9B632+29090]\n\t(No symbol) [0x00007FF67FC0E6E9]\n\t(No symbol) [0x00007FF67FACB1CA]\n\t(No symbol) [0x00007FF67FB1EFD7]\n\t(No symbol) [0x00007FF67FB1F22C]\n\t(No symbol) [0x00007FF67FB697F7]\n\t(No symbol) [0x00007FF67FB4672F]\n\t(No symbol) [0x00007FF67FB665D9]\n\t(No symbol) [0x00007FF67FB46493]\n\t(No symbol) [0x00007FF67FB109B1]\n\t(No symbol) [0x00007FF67FB11B11]\n\tGetHandleVerifier [0x00007FF67FFB883D+3294125]\n\tGetHandleVerifier [0x00007FF680004423+3604371]\n\tGetHandleVerifier [0x00007FF67FFFA2E7+3563095]\n\tGetHandleVerifier [0x00007FF67FD56F16+797318]\n\t(No symbol) [0x00007FF67FC1986F]\n\t(No symbol) [0x00007FF67FC15454]\n\t(No symbol) [0x00007FF67FC155E0]\n\t(No symbol) [0x00007FF67FC04A7F]\n\tBaseThreadInitThunk [0x00007FFAE06C7374+20]\n\tRtlUserThreadStart [0x00007FFAE201CC91+33]\n\n", "trace": "  File \"C:\\Users\\lenovo\\Downloads\\test_automation_flow.py\", line 222, in test_automation_flow\n    google_page.create_account(\"Martin\", \"NCBA\",\"Cactus13@\")\n  File \"C:\\Python\\Python38\\lib\\site-packages\\allure_commons\\_allure.py\", line 192, in impl\n    return func(*a, **kw)\n  File \"C:\\Users\\lenovo\\Downloads\\test_automation_flow.py\", line 114, in create_account\n    raise e\n  File \"C:\\Users\\lenovo\\Downloads\\test_automation_flow.py\", line 86, in create_account\n    self.enter_text(By.ID, \"username\", username)\n  File \"C:\\Users\\lenovo\\Downloads\\test_automation_flow.py\", line 122, in enter_text\n    element = self.wait.until(EC.element_to_be_clickable((by, element_id)))\n  File \"C:\\Python\\Python38\\lib\\site-packages\\selenium\\webdriver\\support\\wait.py\", line 105, in until\n    raise TimeoutException(message, screen, stacktrace)\n"}, "steps": [{"name": "Fill in Google account signup form with details", "status": "broken", "statusDetails": {"message": "selenium.common.exceptions.TimeoutException: Message: \nStacktrace:\n\tGetHandleVerifier [0x00007FF67FC9B632+29090]\n\t(No symbol) [0x00007FF67FC0E6E9]\n\t(No symbol) [0x00007FF67FACB1CA]\n\t(No symbol) [0x00007FF67FB1EFD7]\n\t(No symbol) [0x00007FF67FB1F22C]\n\t(No symbol) [0x00007FF67FB697F7]\n\t(No symbol) [0x00007FF67FB4672F]\n\t(No symbol) [0x00007FF67FB665D9]\n\t(No symbol) [0x00007FF67FB46493]\n\t(No symbol) [0x00007FF67FB109B1]\n\t(No symbol) [0x00007FF67FB11B11]\n\tGetHandleVerifier [0x00007FF67FFB883D+3294125]\n\tGetHandleVerifier [0x00007FF680004423+3604371]\n\tGetHandleVerifier [0x00007FF67FFFA2E7+3563095]\n\tGetHandleVerifier [0x00007FF67FD56F16+797318]\n\t(No symbol) [0x00007FF67FC1986F]\n\t(No symbol) [0x00007FF67FC15454]\n\t(No symbol) [0x00007FF67FC155E0]\n\t(No symbol) [0x00007FF67FC04A7F]\n\tBaseThreadInitThunk [0x00007FFAE06C7374+20]\n\tRtlUserThreadStart [0x00007FFAE201CC91+33]\n\n", "trace": "  File \"C:\\Python\\Python38\\lib\\site-packages\\allure_commons\\_allure.py\", line 192, in impl\n    return func(*a, **kw)\n  File \"C:\\Users\\lenovo\\Downloads\\test_automation_flow.py\", line 114, in create_account\n    raise e\n  File \"C:\\Users\\lenovo\\Downloads\\test_automation_flow.py\", line 86, in create_account\n    self.enter_text(By.ID, \"username\", username)\n  File \"C:\\Users\\lenovo\\Downloads\\test_automation_flow.py\", line 122, in enter_text\n    element = self.wait.until(EC.element_to_be_clickable((by, element_id)))\n  File \"C:\\Python\\Python38\\lib\\site-packages\\selenium\\webdriver\\support\\wait.py\", line 105, in until\n    raise TimeoutException(message, screen, stacktrace)\n"}, "steps": [{"name": "Open Google account signup page", "status": "passed", "start": 1724959211958, "stop": 1724959219242}], "attachments": [{"name": "screenshot", "source": "e6f4d985-9d3c-436f-ba8a-ec052f6fb33d-attachment.png", "type": "image/png"}], "parameters": [{"name": "first_name", "value": "'Martin'"}, {"name": "last_name", "value": "'NCBA'"}, {"name": "username", "value": "'Cactus13@'"}], "start": 1724959211958, "stop": 1724959252994}], "start": 1724959211958, "stop": 1724959253033}], "start": 1724959211958, "stop": 1724959253035, "uuid": "750dffc1-202d-4772-8bdc-cf6f0eb0cc3c", "historyId": "e891e0b0ecda78f664732d0fc0c99438", "testCaseId": "e891e0b0ecda78f664732d0fc0c99438", "fullName": "test_automation_flow#test_automation_flow", "labels": [{"name": "suite", "value": "test_automation_flow"}, {"name": "host", "value": "DESKTOP-QTVNGQR"}, {"name": "thread", "value": "5272-MainThread"}, {"name": "framework", "value": "pytest"}, {"name": "language", "value": "cpython3"}, {"name": "package", "value": "test_automation_flow"}]}