{"name": "test_automation_flow", "status": "broken", "statusDetails": {"message": "selenium.common.exceptions.WebDriverException: Message: unknown error: net::ERR_NAME_NOT_RESOLVED\n  (Session info: chrome=128.0.6613.114)\nStacktrace:\n\tGetHandleVerifier [0x00007FF73F3EB632+29090]\n\t(No symbol) [0x00007FF73F35E6E9]\n\t(No symbol) [0x00007FF73F21B1CA]\n\t(No symbol) [0x00007FF73F213204]\n\t(No symbol) [0x00007FF73F204179]\n\t(No symbol) [0x00007FF73F205F42]\n\t(No symbol) [0x00007FF73F20443F]\n\t(No symbol) [0x00007FF73F203CD1]\n\t(No symbol) [0x00007FF73F203C10]\n\t(No symbol) [0x00007FF73F201AD3]\n\t(No symbol) [0x00007FF73F20214C]\n\t(No symbol) [0x00007FF73F21E231]\n\t(No symbol) [0x00007FF73F2B73FE]\n\t(No symbol) [0x00007FF73F2966EA]\n\t(No symbol) [0x00007FF73F2B65D9]\n\t(No symbol) [0x00007FF73F296493]\n\t(No symbol) [0x00007FF73F2609B1]\n\t(No symbol) [0x00007FF73F261B11]\n\tGetHandleVerifier [0x00007FF73F70883D+3294125]\n\tGetHandleVerifier [0x00007FF73F754423+3604371]\n\tGetHandleVerifier [0x00007FF73F74A2E7+3563095]\n\tGetHandleVerifier [0x00007FF73F4A6F16+797318]\n\t(No symbol) [0x00007FF73F36986F]\n\t(No symbol) [0x00007FF73F365454]\n\t(No symbol) [0x00007FF73F3655E0]\n\t(No symbol) [0x00007FF73F354A7F]\n\tBaseThreadInitThunk [0x00007FFAE06C7374+20]\n\tRtlUserThreadStart [0x00007FFAE201CC91+33]", "trace": "driver = <selenium.webdriver.chrome.webdriver.WebDriver (session=\"03b814cf6f6c6bf2c80eada3bd10002f\")>\n\n    def test_automation_flow(driver):\n        google_page = GooglePage(driver)\n        jumia_page = JumiaPage(driver)\n    \n        with allure.step(\"Step 1: Create a Google account\"):\n>           google_page.create_account(\"Martin\", \"NCBA\", \"martin_NCBA_Test001\", \"Cactus13@\")\n\ntest_automation_flow.py:227: \n_ _ _ _ _ _ _ _ _ _ _ _ _ _ _ _ _ _ _ _ _ _ _ _ _ _ _ _ _ _ _ _ _ _ _ _ _ _ _ _\ntest_automation_flow.py:64: in create_account\n    self.open_signup_page()\ntest_automation_flow.py:58: in open_signup_page\n    self.driver.get(\"https://shorturl.at/1cWhw\")\nC:\\Python\\Python38\\lib\\site-packages\\selenium\\webdriver\\remote\\webdriver.py:363: in get\n    self.execute(Command.GET, {\"url\": url})\nC:\\Python\\Python38\\lib\\site-packages\\selenium\\webdriver\\remote\\webdriver.py:354: in execute\n    self.error_handler.check_response(response)\n_ _ _ _ _ _ _ _ _ _ _ _ _ _ _ _ _ _ _ _ _ _ _ _ _ _ _ _ _ _ _ _ _ _ _ _ _ _ _ _\n\nself = <selenium.webdriver.remote.errorhandler.ErrorHandler object at 0x000001A764E856A0>\nresponse = {'status': 500, 'value': '{\"value\":{\"error\":\"unknown error\",\"message\":\"unknown error: net::ERR_NAME_NOT_RESOLVED\\\\n  (...07FF73F354A7F]\\\\n\\\\tBaseThreadInitThunk [0x00007FFAE06C7374+20]\\\\n\\\\tRtlUserThreadStart [0x00007FFAE201CC91+33]\\\\n\"}}'}\n\n    def check_response(self, response: Dict[str, Any]) -> None:\n        \"\"\"Checks that a JSON response from the WebDriver does not have an\n        error.\n    \n        :Args:\n         - response - The JSON response from the WebDriver server as a dictionary\n           object.\n    \n        :Raises: If the response contains an error message.\n        \"\"\"\n        status = response.get(\"status\", None)\n        if not status or status == ErrorCode.SUCCESS:\n            return\n        value = None\n        message = response.get(\"message\", \"\")\n        screen: str = response.get(\"screen\", \"\")\n        stacktrace = None\n        if isinstance(status, int):\n            value_json = response.get(\"value\", None)\n            if value_json and isinstance(value_json, str):\n                import json\n    \n                try:\n                    value = json.loads(value_json)\n                    if len(value) == 1:\n                        value = value[\"value\"]\n                    status = value.get(\"error\", None)\n                    if not status:\n                        status = value.get(\"status\", ErrorCode.UNKNOWN_ERROR)\n                        message = value.get(\"value\") or value.get(\"message\")\n                        if not isinstance(message, str):\n                            value = message\n                            message = message.get(\"message\")\n                    else:\n                        message = value.get(\"message\", None)\n                except ValueError:\n                    pass\n    \n        exception_class: Type[WebDriverException]\n        e = ErrorCode()\n        error_codes = [item for item in dir(e) if not item.startswith(\"__\")]\n        for error_code in error_codes:\n            error_info = getattr(ErrorCode, error_code)\n            if isinstance(error_info, list) and status in error_info:\n                exception_class = getattr(ExceptionMapping, error_code, WebDriverException)\n                break\n        else:\n            exception_class = WebDriverException\n    \n        if not value:\n            value = response[\"value\"]\n        if isinstance(value, str):\n            raise exception_class(value)\n        if message == \"\" and \"message\" in value:\n            message = value[\"message\"]\n    \n        screen = None  # type: ignore[assignment]\n        if \"screen\" in value:\n            screen = value[\"screen\"]\n    \n        stacktrace = None\n        st_value = value.get(\"stackTrace\") or value.get(\"stacktrace\")\n        if st_value:\n            if isinstance(st_value, str):\n                stacktrace = st_value.split(\"\\n\")\n            else:\n                stacktrace = []\n                try:\n                    for frame in st_value:\n                        line = frame.get(\"lineNumber\", \"\")\n                        file = frame.get(\"fileName\", \"<anonymous>\")\n                        if line:\n                            file = f\"{file}:{line}\"\n                        meth = frame.get(\"methodName\", \"<anonymous>\")\n                        if \"className\" in frame:\n                            meth = f\"{frame['className']}.{meth}\"\n                        msg = \"    at %s (%s)\"\n                        msg = msg % (meth, file)\n                        stacktrace.append(msg)\n                except TypeError:\n                    pass\n        if exception_class == UnexpectedAlertPresentException:\n            alert_text = None\n            if \"data\" in value:\n                alert_text = value[\"data\"].get(\"text\")\n            elif \"alert\" in value:\n                alert_text = value[\"alert\"].get(\"text\")\n            raise exception_class(message, screen, stacktrace, alert_text)  # type: ignore[call-arg]  # mypy is not smart enough here\n>       raise exception_class(message, screen, stacktrace)\nE       selenium.common.exceptions.WebDriverException: Message: unknown error: net::ERR_NAME_NOT_RESOLVED\nE         (Session info: chrome=128.0.6613.114)\nE       Stacktrace:\nE       \tGetHandleVerifier [0x00007FF73F3EB632+29090]\nE       \t(No symbol) [0x00007FF73F35E6E9]\nE       \t(No symbol) [0x00007FF73F21B1CA]\nE       \t(No symbol) [0x00007FF73F213204]\nE       \t(No symbol) [0x00007FF73F204179]\nE       \t(No symbol) [0x00007FF73F205F42]\nE       \t(No symbol) [0x00007FF73F20443F]\nE       \t(No symbol) [0x00007FF73F203CD1]\nE       \t(No symbol) [0x00007FF73F203C10]\nE       \t(No symbol) [0x00007FF73F201AD3]\nE       \t(No symbol) [0x00007FF73F20214C]\nE       \t(No symbol) [0x00007FF73F21E231]\nE       \t(No symbol) [0x00007FF73F2B73FE]\nE       \t(No symbol) [0x00007FF73F2966EA]\nE       \t(No symbol) [0x00007FF73F2B65D9]\nE       \t(No symbol) [0x00007FF73F296493]\nE       \t(No symbol) [0x00007FF73F2609B1]\nE       \t(No symbol) [0x00007FF73F261B11]\nE       \tGetHandleVerifier [0x00007FF73F70883D+3294125]\nE       \tGetHandleVerifier [0x00007FF73F754423+3604371]\nE       \tGetHandleVerifier [0x00007FF73F74A2E7+3563095]\nE       \tGetHandleVerifier [0x00007FF73F4A6F16+797318]\nE       \t(No symbol) [0x00007FF73F36986F]\nE       \t(No symbol) [0x00007FF73F365454]\nE       \t(No symbol) [0x00007FF73F3655E0]\nE       \t(No symbol) [0x00007FF73F354A7F]\nE       \tBaseThreadInitThunk [0x00007FFAE06C7374+20]\nE       \tRtlUserThreadStart [0x00007FFAE201CC91+33]\n\nC:\\Python\\Python38\\lib\\site-packages\\selenium\\webdriver\\remote\\errorhandler.py:229: WebDriverException"}, "steps": [{"name": "Step 1: Create a Google account", "status": "broken", "statusDetails": {"message": "selenium.common.exceptions.WebDriverException: Message: unknown error: net::ERR_NAME_NOT_RESOLVED\n  (Session info: chrome=128.0.6613.114)\nStacktrace:\n\tGetHandleVerifier [0x00007FF73F3EB632+29090]\n\t(No symbol) [0x00007FF73F35E6E9]\n\t(No symbol) [0x00007FF73F21B1CA]\n\t(No symbol) [0x00007FF73F213204]\n\t(No symbol) [0x00007FF73F204179]\n\t(No symbol) [0x00007FF73F205F42]\n\t(No symbol) [0x00007FF73F20443F]\n\t(No symbol) [0x00007FF73F203CD1]\n\t(No symbol) [0x00007FF73F203C10]\n\t(No symbol) [0x00007FF73F201AD3]\n\t(No symbol) [0x00007FF73F20214C]\n\t(No symbol) [0x00007FF73F21E231]\n\t(No symbol) [0x00007FF73F2B73FE]\n\t(No symbol) [0x00007FF73F2966EA]\n\t(No symbol) [0x00007FF73F2B65D9]\n\t(No symbol) [0x00007FF73F296493]\n\t(No symbol) [0x00007FF73F2609B1]\n\t(No symbol) [0x00007FF73F261B11]\n\tGetHandleVerifier [0x00007FF73F70883D+3294125]\n\tGetHandleVerifier [0x00007FF73F754423+3604371]\n\tGetHandleVerifier [0x00007FF73F74A2E7+3563095]\n\tGetHandleVerifier [0x00007FF73F4A6F16+797318]\n\t(No symbol) [0x00007FF73F36986F]\n\t(No symbol) [0x00007FF73F365454]\n\t(No symbol) [0x00007FF73F3655E0]\n\t(No symbol) [0x00007FF73F354A7F]\n\tBaseThreadInitThunk [0x00007FFAE06C7374+20]\n\tRtlUserThreadStart [0x00007FFAE201CC91+33]\n\n", "trace": "  File \"C:\\Users\\lenovo\\Downloads\\test_automation_flow.py\", line 227, in test_automation_flow\n    google_page.create_account(\"Martin\", \"NCBA\", \"martin_NCBA_Test001\", \"Cactus13@\")\n  File \"C:\\Python\\Python38\\lib\\site-packages\\allure_commons\\_allure.py\", line 192, in impl\n    return func(*a, **kw)\n  File \"C:\\Users\\lenovo\\Downloads\\test_automation_flow.py\", line 64, in create_account\n    self.open_signup_page()\n  File \"C:\\Python\\Python38\\lib\\site-packages\\allure_commons\\_allure.py\", line 192, in impl\n    return func(*a, **kw)\n  File \"C:\\Users\\lenovo\\Downloads\\test_automation_flow.py\", line 58, in open_signup_page\n    self.driver.get(\"https://shorturl.at/1cWhw\")\n  File \"C:\\Python\\Python38\\lib\\site-packages\\selenium\\webdriver\\remote\\webdriver.py\", line 363, in get\n    self.execute(Command.GET, {\"url\": url})\n  File \"C:\\Python\\Python38\\lib\\site-packages\\selenium\\webdriver\\remote\\webdriver.py\", line 354, in execute\n    self.error_handler.check_response(response)\n  File \"C:\\Python\\Python38\\lib\\site-packages\\selenium\\webdriver\\remote\\errorhandler.py\", line 229, in check_response\n    raise exception_class(message, screen, stacktrace)\n"}, "steps": [{"name": "Fill in Google account signup form with details", "status": "broken", "statusDetails": {"message": "selenium.common.exceptions.WebDriverException: Message: unknown error: net::ERR_NAME_NOT_RESOLVED\n  (Session info: chrome=128.0.6613.114)\nStacktrace:\n\tGetHandleVerifier [0x00007FF73F3EB632+29090]\n\t(No symbol) [0x00007FF73F35E6E9]\n\t(No symbol) [0x00007FF73F21B1CA]\n\t(No symbol) [0x00007FF73F213204]\n\t(No symbol) [0x00007FF73F204179]\n\t(No symbol) [0x00007FF73F205F42]\n\t(No symbol) [0x00007FF73F20443F]\n\t(No symbol) [0x00007FF73F203CD1]\n\t(No symbol) [0x00007FF73F203C10]\n\t(No symbol) [0x00007FF73F201AD3]\n\t(No symbol) [0x00007FF73F20214C]\n\t(No symbol) [0x00007FF73F21E231]\n\t(No symbol) [0x00007FF73F2B73FE]\n\t(No symbol) [0x00007FF73F2966EA]\n\t(No symbol) [0x00007FF73F2B65D9]\n\t(No symbol) [0x00007FF73F296493]\n\t(No symbol) [0x00007FF73F2609B1]\n\t(No symbol) [0x00007FF73F261B11]\n\tGetHandleVerifier [0x00007FF73F70883D+3294125]\n\tGetHandleVerifier [0x00007FF73F754423+3604371]\n\tGetHandleVerifier [0x00007FF73F74A2E7+3563095]\n\tGetHandleVerifier [0x00007FF73F4A6F16+797318]\n\t(No symbol) [0x00007FF73F36986F]\n\t(No symbol) [0x00007FF73F365454]\n\t(No symbol) [0x00007FF73F3655E0]\n\t(No symbol) [0x00007FF73F354A7F]\n\tBaseThreadInitThunk [0x00007FFAE06C7374+20]\n\tRtlUserThreadStart [0x00007FFAE201CC91+33]\n\n", "trace": "  File \"C:\\Python\\Python38\\lib\\site-packages\\allure_commons\\_allure.py\", line 192, in impl\n    return func(*a, **kw)\n  File \"C:\\Users\\lenovo\\Downloads\\test_automation_flow.py\", line 64, in create_account\n    self.open_signup_page()\n  File \"C:\\Python\\Python38\\lib\\site-packages\\allure_commons\\_allure.py\", line 192, in impl\n    return func(*a, **kw)\n  File \"C:\\Users\\lenovo\\Downloads\\test_automation_flow.py\", line 58, in open_signup_page\n    self.driver.get(\"https://shorturl.at/1cWhw\")\n  File \"C:\\Python\\Python38\\lib\\site-packages\\selenium\\webdriver\\remote\\webdriver.py\", line 363, in get\n    self.execute(Command.GET, {\"url\": url})\n  File \"C:\\Python\\Python38\\lib\\site-packages\\selenium\\webdriver\\remote\\webdriver.py\", line 354, in execute\n    self.error_handler.check_response(response)\n  File \"C:\\Python\\Python38\\lib\\site-packages\\selenium\\webdriver\\remote\\errorhandler.py\", line 229, in check_response\n    raise exception_class(message, screen, stacktrace)\n"}, "steps": [{"name": "Open Google account signup page", "status": "broken", "statusDetails": {"message": "selenium.common.exceptions.WebDriverException: Message: unknown error: net::ERR_NAME_NOT_RESOLVED\n  (Session info: chrome=128.0.6613.114)\nStacktrace:\n\tGetHandleVerifier [0x00007FF73F3EB632+29090]\n\t(No symbol) [0x00007FF73F35E6E9]\n\t(No symbol) [0x00007FF73F21B1CA]\n\t(No symbol) [0x00007FF73F213204]\n\t(No symbol) [0x00007FF73F204179]\n\t(No symbol) [0x00007FF73F205F42]\n\t(No symbol) [0x00007FF73F20443F]\n\t(No symbol) [0x00007FF73F203CD1]\n\t(No symbol) [0x00007FF73F203C10]\n\t(No symbol) [0x00007FF73F201AD3]\n\t(No symbol) [0x00007FF73F20214C]\n\t(No symbol) [0x00007FF73F21E231]\n\t(No symbol) [0x00007FF73F2B73FE]\n\t(No symbol) [0x00007FF73F2966EA]\n\t(No symbol) [0x00007FF73F2B65D9]\n\t(No symbol) [0x00007FF73F296493]\n\t(No symbol) [0x00007FF73F2609B1]\n\t(No symbol) [0x00007FF73F261B11]\n\tGetHandleVerifier [0x00007FF73F70883D+3294125]\n\tGetHandleVerifier [0x00007FF73F754423+3604371]\n\tGetHandleVerifier [0x00007FF73F74A2E7+3563095]\n\tGetHandleVerifier [0x00007FF73F4A6F16+797318]\n\t(No symbol) [0x00007FF73F36986F]\n\t(No symbol) [0x00007FF73F365454]\n\t(No symbol) [0x00007FF73F3655E0]\n\t(No symbol) [0x00007FF73F354A7F]\n\tBaseThreadInitThunk [0x00007FFAE06C7374+20]\n\tRtlUserThreadStart [0x00007FFAE201CC91+33]\n\n", "trace": "  File \"C:\\Python\\Python38\\lib\\site-packages\\allure_commons\\_allure.py\", line 192, in impl\n    return func(*a, **kw)\n  File \"C:\\Users\\lenovo\\Downloads\\test_automation_flow.py\", line 58, in open_signup_page\n    self.driver.get(\"https://shorturl.at/1cWhw\")\n  File \"C:\\Python\\Python38\\lib\\site-packages\\selenium\\webdriver\\remote\\webdriver.py\", line 363, in get\n    self.execute(Command.GET, {\"url\": url})\n  File \"C:\\Python\\Python38\\lib\\site-packages\\selenium\\webdriver\\remote\\webdriver.py\", line 354, in execute\n    self.error_handler.check_response(response)\n  File \"C:\\Python\\Python38\\lib\\site-packages\\selenium\\webdriver\\remote\\errorhandler.py\", line 229, in check_response\n    raise exception_class(message, screen, stacktrace)\n"}, "start": 1724935753660, "stop": 1724935760310}], "parameters": [{"name": "first_name", "value": "'Martin'"}, {"name": "last_name", "value": "'NCBA'"}, {"name": "username", "value": "'martin_NCBA_Test001'"}, {"name": "password", "value": "'Cactus13@'"}], "start": 1724935753660, "stop": 1724935765247}], "start": 1724935753660, "stop": 1724935765247}], "start": 1724935753660, "stop": 1724935765247, "uuid": "acad21b5-02cb-4284-a4f9-501d791528b4", "historyId": "e891e0b0ecda78f664732d0fc0c99438", "testCaseId": "e891e0b0ecda78f664732d0fc0c99438", "fullName": "test_automation_flow#test_automation_flow", "labels": [{"name": "suite", "value": "test_automation_flow"}, {"name": "host", "value": "DESKTOP-QTVNGQR"}, {"name": "thread", "value": "14380-MainThread"}, {"name": "framework", "value": "pytest"}, {"name": "language", "value": "cpython3"}, {"name": "package", "value": "test_automation_flow"}]}