{"name": "test_automation_flow", "status": "broken", "statusDetails": {"message": "selenium.common.exceptions.TimeoutException: Message: \nStacktrace:\n\tGetHandleVerifier [0x00007FF73B72B632+29090]\n\t(No symbol) [0x00007FF73B69E6E9]\n\t(No symbol) [0x00007FF73B55B1CA]\n\t(No symbol) [0x00007FF73B5AEFD7]\n\t(No symbol) [0x00007FF73B5AF22C]\n\t(No symbol) [0x00007FF73B5F97F7]\n\t(No symbol) [0x00007FF73B5D672F]\n\t(No symbol) [0x00007FF73B5F65D9]\n\t(No symbol) [0x00007FF73B5D6493]\n\t(No symbol) [0x00007FF73B5A09B1]\n\t(No symbol) [0x00007FF73B5A1B11]\n\tGetHandleVerifier [0x00007FF73BA4883D+3294125]\n\tGetHandleVerifier [0x00007FF73BA94423+3604371]\n\tGetHandleVerifier [0x00007FF73BA8A2E7+3563095]\n\tGetHandleVerifier [0x00007FF73B7E6F16+797318]\n\t(No symbol) [0x00007FF73B6A986F]\n\t(No symbol) [0x00007FF73B6A5454]\n\t(No symbol) [0x00007FF73B6A55E0]\n\t(No symbol) [0x00007FF73B694A7F]\n\tBaseThreadInitThunk [0x00007FFAE06C7374+20]\n\tRtlUserThreadStart [0x00007FFAE201CC91+33]", "trace": "driver = <selenium.webdriver.chrome.webdriver.WebDriver (session=\"883506897749bdea5e0d11ecaf044ee6\")>\n\n    def test_automation_flow(driver):\n        google_page = GooglePage(driver)\n        jumia_page = JumiaPage(driver)\n    \n        with allure.step(\"Step 1: Create a Google account\"):\n>           google_page.create_account(\"Martin\", \"NCBA\", \"martin_NCBA_Test001\", \"Cactus13@\")\n\ntest_automation_flow.py:227: \n_ _ _ _ _ _ _ _ _ _ _ _ _ _ _ _ _ _ _ _ _ _ _ _ _ _ _ _ _ _ _ _ _ _ _ _ _ _ _ _\ntest_automation_flow.py:116: in create_account\n    raise e\ntest_automation_flow.py:75: in create_account\n    self.select_from_dropdown(By.ID, \"month\", \"3\")  # March\ntest_automation_flow.py:119: in select_from_dropdown\n    dropdown = self.wait.until(EC.element_to_be_clickable((by, element_id)))\n_ _ _ _ _ _ _ _ _ _ _ _ _ _ _ _ _ _ _ _ _ _ _ _ _ _ _ _ _ _ _ _ _ _ _ _ _ _ _ _\n\nself = <selenium.webdriver.support.wait.WebDriverWait (session=\"883506897749bdea5e0d11ecaf044ee6\")>\nmethod = <function element_to_be_clickable.<locals>._predicate at 0x00000141CB60C9D0>\nmessage = ''\n\n    def until(self, method: Callable[[D], Union[Literal[False], T]], message: str = \"\") -> T:\n        \"\"\"Calls the method provided with the driver as an argument until the \\\n        return value does not evaluate to ``False``.\n    \n        :param method: callable(WebDriver)\n        :param message: optional message for :exc:`TimeoutException`\n        :returns: the result of the last call to `method`\n        :raises: :exc:`selenium.common.exceptions.TimeoutException` if timeout occurs\n        \"\"\"\n        screen = None\n        stacktrace = None\n    \n        end_time = time.monotonic() + self._timeout\n        while True:\n            try:\n                value = method(self._driver)\n                if value:\n                    return value\n            except self._ignored_exceptions as exc:\n                screen = getattr(exc, \"screen\", None)\n                stacktrace = getattr(exc, \"stacktrace\", None)\n            time.sleep(self._poll)\n            if time.monotonic() > end_time:\n                break\n>       raise TimeoutException(message, screen, stacktrace)\nE       selenium.common.exceptions.TimeoutException: Message: \nE       Stacktrace:\nE       \tGetHandleVerifier [0x00007FF73B72B632+29090]\nE       \t(No symbol) [0x00007FF73B69E6E9]\nE       \t(No symbol) [0x00007FF73B55B1CA]\nE       \t(No symbol) [0x00007FF73B5AEFD7]\nE       \t(No symbol) [0x00007FF73B5AF22C]\nE       \t(No symbol) [0x00007FF73B5F97F7]\nE       \t(No symbol) [0x00007FF73B5D672F]\nE       \t(No symbol) [0x00007FF73B5F65D9]\nE       \t(No symbol) [0x00007FF73B5D6493]\nE       \t(No symbol) [0x00007FF73B5A09B1]\nE       \t(No symbol) [0x00007FF73B5A1B11]\nE       \tGetHandleVerifier [0x00007FF73BA4883D+3294125]\nE       \tGetHandleVerifier [0x00007FF73BA94423+3604371]\nE       \tGetHandleVerifier [0x00007FF73BA8A2E7+3563095]\nE       \tGetHandleVerifier [0x00007FF73B7E6F16+797318]\nE       \t(No symbol) [0x00007FF73B6A986F]\nE       \t(No symbol) [0x00007FF73B6A5454]\nE       \t(No symbol) [0x00007FF73B6A55E0]\nE       \t(No symbol) [0x00007FF73B694A7F]\nE       \tBaseThreadInitThunk [0x00007FFAE06C7374+20]\nE       \tRtlUserThreadStart [0x00007FFAE201CC91+33]\n\nC:\\Python\\Python38\\lib\\site-packages\\selenium\\webdriver\\support\\wait.py:105: TimeoutException"}, "steps": [{"name": "Step 1: Create a Google account", "status": "broken", "statusDetails": {"message": "selenium.common.exceptions.TimeoutException: Message: \nStacktrace:\n\tGetHandleVerifier [0x00007FF73B72B632+29090]\n\t(No symbol) [0x00007FF73B69E6E9]\n\t(No symbol) [0x00007FF73B55B1CA]\n\t(No symbol) [0x00007FF73B5AEFD7]\n\t(No symbol) [0x00007FF73B5AF22C]\n\t(No symbol) [0x00007FF73B5F97F7]\n\t(No symbol) [0x00007FF73B5D672F]\n\t(No symbol) [0x00007FF73B5F65D9]\n\t(No symbol) [0x00007FF73B5D6493]\n\t(No symbol) [0x00007FF73B5A09B1]\n\t(No symbol) [0x00007FF73B5A1B11]\n\tGetHandleVerifier [0x00007FF73BA4883D+3294125]\n\tGetHandleVerifier [0x00007FF73BA94423+3604371]\n\tGetHandleVerifier [0x00007FF73BA8A2E7+3563095]\n\tGetHandleVerifier [0x00007FF73B7E6F16+797318]\n\t(No symbol) [0x00007FF73B6A986F]\n\t(No symbol) [0x00007FF73B6A5454]\n\t(No symbol) [0x00007FF73B6A55E0]\n\t(No symbol) [0x00007FF73B694A7F]\n\tBaseThreadInitThunk [0x00007FFAE06C7374+20]\n\tRtlUserThreadStart [0x00007FFAE201CC91+33]\n\n", "trace": "  File \"C:\\Users\\lenovo\\Downloads\\test_automation_flow.py\", line 227, in test_automation_flow\n    google_page.create_account(\"Martin\", \"NCBA\", \"martin_NCBA_Test001\", \"Cactus13@\")\n  File \"C:\\Python\\Python38\\lib\\site-packages\\allure_commons\\_allure.py\", line 192, in impl\n    return func(*a, **kw)\n  File \"C:\\Users\\lenovo\\Downloads\\test_automation_flow.py\", line 116, in create_account\n    raise e\n  File \"C:\\Users\\lenovo\\Downloads\\test_automation_flow.py\", line 75, in create_account\n    self.select_from_dropdown(By.ID, \"month\", \"3\")  # March\n  File \"C:\\Users\\lenovo\\Downloads\\test_automation_flow.py\", line 119, in select_from_dropdown\n    dropdown = self.wait.until(EC.element_to_be_clickable((by, element_id)))\n  File \"C:\\Python\\Python38\\lib\\site-packages\\selenium\\webdriver\\support\\wait.py\", line 105, in until\n    raise TimeoutException(message, screen, stacktrace)\n"}, "steps": [{"name": "Fill in Google account signup form with details", "status": "broken", "statusDetails": {"message": "selenium.common.exceptions.TimeoutException: Message: \nStacktrace:\n\tGetHandleVerifier [0x00007FF73B72B632+29090]\n\t(No symbol) [0x00007FF73B69E6E9]\n\t(No symbol) [0x00007FF73B55B1CA]\n\t(No symbol) [0x00007FF73B5AEFD7]\n\t(No symbol) [0x00007FF73B5AF22C]\n\t(No symbol) [0x00007FF73B5F97F7]\n\t(No symbol) [0x00007FF73B5D672F]\n\t(No symbol) [0x00007FF73B5F65D9]\n\t(No symbol) [0x00007FF73B5D6493]\n\t(No symbol) [0x00007FF73B5A09B1]\n\t(No symbol) [0x00007FF73B5A1B11]\n\tGetHandleVerifier [0x00007FF73BA4883D+3294125]\n\tGetHandleVerifier [0x00007FF73BA94423+3604371]\n\tGetHandleVerifier [0x00007FF73BA8A2E7+3563095]\n\tGetHandleVerifier [0x00007FF73B7E6F16+797318]\n\t(No symbol) [0x00007FF73B6A986F]\n\t(No symbol) [0x00007FF73B6A5454]\n\t(No symbol) [0x00007FF73B6A55E0]\n\t(No symbol) [0x00007FF73B694A7F]\n\tBaseThreadInitThunk [0x00007FFAE06C7374+20]\n\tRtlUserThreadStart [0x00007FFAE201CC91+33]\n\n", "trace": "  File \"C:\\Python\\Python38\\lib\\site-packages\\allure_commons\\_allure.py\", line 192, in impl\n    return func(*a, **kw)\n  File \"C:\\Users\\lenovo\\Downloads\\test_automation_flow.py\", line 116, in create_account\n    raise e\n  File \"C:\\Users\\lenovo\\Downloads\\test_automation_flow.py\", line 75, in create_account\n    self.select_from_dropdown(By.ID, \"month\", \"3\")  # March\n  File \"C:\\Users\\lenovo\\Downloads\\test_automation_flow.py\", line 119, in select_from_dropdown\n    dropdown = self.wait.until(EC.element_to_be_clickable((by, element_id)))\n  File \"C:\\Python\\Python38\\lib\\site-packages\\selenium\\webdriver\\support\\wait.py\", line 105, in until\n    raise TimeoutException(message, screen, stacktrace)\n"}, "steps": [{"name": "Open Google account signup page", "status": "passed", "start": 1724956423260, "stop": 1724956459499}], "attachments": [{"name": "screenshot", "source": "6104437e-b8c7-4fef-adfb-0c01fa8689c1-attachment.png", "type": "image/png"}], "parameters": [{"name": "first_name", "value": "'Martin'"}, {"name": "last_name", "value": "'NCBA'"}, {"name": "username", "value": "'martin_NCBA_Test001'"}, {"name": "password", "value": "'Cactus13@'"}], "start": 1724956423260, "stop": 1724956500859}], "start": 1724956423260, "stop": 1724956502056}], "attachments": [{"name": "log", "source": "d9085b83-34e9-4138-847d-7c194b08f1f1-attachment.txt", "type": "text/plain"}], "start": 1724956423260, "stop": 1724956502056, "uuid": "40c10537-2b1d-4fd5-99e1-c31ce13cf401", "historyId": "e891e0b0ecda78f664732d0fc0c99438", "testCaseId": "e891e0b0ecda78f664732d0fc0c99438", "fullName": "test_automation_flow#test_automation_flow", "labels": [{"name": "suite", "value": "test_automation_flow"}, {"name": "host", "value": "DESKTOP-QTVNGQR"}, {"name": "thread", "value": "19932-MainThread"}, {"name": "framework", "value": "pytest"}, {"name": "language", "value": "cpython3"}, {"name": "package", "value": "test_automation_flow"}]}