{"name": "test_automation_flow", "status": "broken", "statusDetails": {"message": "selenium.common.exceptions.TimeoutException: Message: \nStacktrace:\n\tGetHandleVerifier [0x00007FF74C2BB632+29090]\n\t(No symbol) [0x00007FF74C22E6E9]\n\t(No symbol) [0x00007FF74C0EB1CA]\n\t(No symbol) [0x00007FF74C13EFD7]\n\t(No symbol) [0x00007FF74C13F22C]\n\t(No symbol) [0x00007FF74C1897F7]\n\t(No symbol) [0x00007FF74C16672F]\n\t(No symbol) [0x00007FF74C1865D9]\n\t(No symbol) [0x00007FF74C166493]\n\t(No symbol) [0x00007FF74C1309B1]\n\t(No symbol) [0x00007FF74C131B11]\n\tGetHandleVerifier [0x00007FF74C5D883D+3294125]\n\tGetHandleVerifier [0x00007FF74C624423+3604371]\n\tGetHandleVerifier [0x00007FF74C61A2E7+3563095]\n\tGetHandleVerifier [0x00007FF74C376F16+797318]\n\t(No symbol) [0x00007FF74C23986F]\n\t(No symbol) [0x00007FF74C235454]\n\t(No symbol) [0x00007FF74C2355E0]\n\t(No symbol) [0x00007FF74C224A7F]\n\tBaseThreadInitThunk [0x00007FFAE06C7374+20]\n\tRtlUserThreadStart [0x00007FFAE201CC91+33]", "trace": "driver = <selenium.webdriver.chrome.webdriver.WebDriver (session=\"18db42b5f5701b3f4a8644d24de04026\")>\n\n    def test_automation_flow(driver):\n        google_page = GooglePage(driver)\n        jumia_page = JumiaPage(driver)\n    \n        with allure.step(\"Step 1: Create a Google account\"):\n>           google_page.create_account(\"Martin\", \"NCBA\",\"Cactus13@\")\n\ntest_automation_flow.py:234: \n_ _ _ _ _ _ _ _ _ _ _ _ _ _ _ _ _ _ _ _ _ _ _ _ _ _ _ _ _ _ _ _ _ _ _ _ _ _ _ _\ntest_automation_flow.py:112: in create_account\n    raise e\ntest_automation_flow.py:86: in create_account\n    self.enter_text(By.ID, \"username\", username)\ntest_automation_flow.py:120: in enter_text\n    element = self.wait.until(EC.element_to_be_clickable((by, element_id)))\n_ _ _ _ _ _ _ _ _ _ _ _ _ _ _ _ _ _ _ _ _ _ _ _ _ _ _ _ _ _ _ _ _ _ _ _ _ _ _ _\n\nself = <selenium.webdriver.support.wait.WebDriverWait (session=\"18db42b5f5701b3f4a8644d24de04026\")>\nmethod = <function element_to_be_clickable.<locals>._predicate at 0x00000280D3F2C9D0>\nmessage = ''\n\n    def until(self, method: Callable[[D], Union[Literal[False], T]], message: str = \"\") -> T:\n        \"\"\"Calls the method provided with the driver as an argument until the \\\n        return value does not evaluate to ``False``.\n    \n        :param method: callable(WebDriver)\n        :param message: optional message for :exc:`TimeoutException`\n        :returns: the result of the last call to `method`\n        :raises: :exc:`selenium.common.exceptions.TimeoutException` if timeout occurs\n        \"\"\"\n        screen = None\n        stacktrace = None\n    \n        end_time = time.monotonic() + self._timeout\n        while True:\n            try:\n                value = method(self._driver)\n                if value:\n                    return value\n            except self._ignored_exceptions as exc:\n                screen = getattr(exc, \"screen\", None)\n                stacktrace = getattr(exc, \"stacktrace\", None)\n            time.sleep(self._poll)\n            if time.monotonic() > end_time:\n                break\n>       raise TimeoutException(message, screen, stacktrace)\nE       selenium.common.exceptions.TimeoutException: Message: \nE       Stacktrace:\nE       \tGetHandleVerifier [0x00007FF74C2BB632+29090]\nE       \t(No symbol) [0x00007FF74C22E6E9]\nE       \t(No symbol) [0x00007FF74C0EB1CA]\nE       \t(No symbol) [0x00007FF74C13EFD7]\nE       \t(No symbol) [0x00007FF74C13F22C]\nE       \t(No symbol) [0x00007FF74C1897F7]\nE       \t(No symbol) [0x00007FF74C16672F]\nE       \t(No symbol) [0x00007FF74C1865D9]\nE       \t(No symbol) [0x00007FF74C166493]\nE       \t(No symbol) [0x00007FF74C1309B1]\nE       \t(No symbol) [0x00007FF74C131B11]\nE       \tGetHandleVerifier [0x00007FF74C5D883D+3294125]\nE       \tGetHandleVerifier [0x00007FF74C624423+3604371]\nE       \tGetHandleVerifier [0x00007FF74C61A2E7+3563095]\nE       \tGetHandleVerifier [0x00007FF74C376F16+797318]\nE       \t(No symbol) [0x00007FF74C23986F]\nE       \t(No symbol) [0x00007FF74C235454]\nE       \t(No symbol) [0x00007FF74C2355E0]\nE       \t(No symbol) [0x00007FF74C224A7F]\nE       \tBaseThreadInitThunk [0x00007FFAE06C7374+20]\nE       \tRtlUserThreadStart [0x00007FFAE201CC91+33]\n\nC:\\Python\\Python38\\lib\\site-packages\\selenium\\webdriver\\support\\wait.py:105: TimeoutException"}, "steps": [{"name": "Step 1: Create a Google account", "status": "broken", "statusDetails": {"message": "selenium.common.exceptions.TimeoutException: Message: \nStacktrace:\n\tGetHandleVerifier [0x00007FF74C2BB632+29090]\n\t(No symbol) [0x00007FF74C22E6E9]\n\t(No symbol) [0x00007FF74C0EB1CA]\n\t(No symbol) [0x00007FF74C13EFD7]\n\t(No symbol) [0x00007FF74C13F22C]\n\t(No symbol) [0x00007FF74C1897F7]\n\t(No symbol) [0x00007FF74C16672F]\n\t(No symbol) [0x00007FF74C1865D9]\n\t(No symbol) [0x00007FF74C166493]\n\t(No symbol) [0x00007FF74C1309B1]\n\t(No symbol) [0x00007FF74C131B11]\n\tGetHandleVerifier [0x00007FF74C5D883D+3294125]\n\tGetHandleVerifier [0x00007FF74C624423+3604371]\n\tGetHandleVerifier [0x00007FF74C61A2E7+3563095]\n\tGetHandleVerifier [0x00007FF74C376F16+797318]\n\t(No symbol) [0x00007FF74C23986F]\n\t(No symbol) [0x00007FF74C235454]\n\t(No symbol) [0x00007FF74C2355E0]\n\t(No symbol) [0x00007FF74C224A7F]\n\tBaseThreadInitThunk [0x00007FFAE06C7374+20]\n\tRtlUserThreadStart [0x00007FFAE201CC91+33]\n\n", "trace": "  File \"C:\\Users\\lenovo\\Downloads\\test_automation_flow.py\", line 234, in test_automation_flow\n    google_page.create_account(\"Martin\", \"NCBA\",\"Cactus13@\")\n  File \"C:\\Python\\Python38\\lib\\site-packages\\allure_commons\\_allure.py\", line 192, in impl\n    return func(*a, **kw)\n  File \"C:\\Users\\lenovo\\Downloads\\test_automation_flow.py\", line 112, in create_account\n    raise e\n  File \"C:\\Users\\lenovo\\Downloads\\test_automation_flow.py\", line 86, in create_account\n    self.enter_text(By.ID, \"username\", username)\n  File \"C:\\Users\\lenovo\\Downloads\\test_automation_flow.py\", line 120, in enter_text\n    element = self.wait.until(EC.element_to_be_clickable((by, element_id)))\n  File \"C:\\Python\\Python38\\lib\\site-packages\\selenium\\webdriver\\support\\wait.py\", line 105, in until\n    raise TimeoutException(message, screen, stacktrace)\n"}, "steps": [{"name": "Fill in Google account signup form with details", "status": "broken", "statusDetails": {"message": "selenium.common.exceptions.TimeoutException: Message: \nStacktrace:\n\tGetHandleVerifier [0x00007FF74C2BB632+29090]\n\t(No symbol) [0x00007FF74C22E6E9]\n\t(No symbol) [0x00007FF74C0EB1CA]\n\t(No symbol) [0x00007FF74C13EFD7]\n\t(No symbol) [0x00007FF74C13F22C]\n\t(No symbol) [0x00007FF74C1897F7]\n\t(No symbol) [0x00007FF74C16672F]\n\t(No symbol) [0x00007FF74C1865D9]\n\t(No symbol) [0x00007FF74C166493]\n\t(No symbol) [0x00007FF74C1309B1]\n\t(No symbol) [0x00007FF74C131B11]\n\tGetHandleVerifier [0x00007FF74C5D883D+3294125]\n\tGetHandleVerifier [0x00007FF74C624423+3604371]\n\tGetHandleVerifier [0x00007FF74C61A2E7+3563095]\n\tGetHandleVerifier [0x00007FF74C376F16+797318]\n\t(No symbol) [0x00007FF74C23986F]\n\t(No symbol) [0x00007FF74C235454]\n\t(No symbol) [0x00007FF74C2355E0]\n\t(No symbol) [0x00007FF74C224A7F]\n\tBaseThreadInitThunk [0x00007FFAE06C7374+20]\n\tRtlUserThreadStart [0x00007FFAE201CC91+33]\n\n", "trace": "  File \"C:\\Python\\Python38\\lib\\site-packages\\allure_commons\\_allure.py\", line 192, in impl\n    return func(*a, **kw)\n  File \"C:\\Users\\lenovo\\Downloads\\test_automation_flow.py\", line 112, in create_account\n    raise e\n  File \"C:\\Users\\lenovo\\Downloads\\test_automation_flow.py\", line 86, in create_account\n    self.enter_text(By.ID, \"username\", username)\n  File \"C:\\Users\\lenovo\\Downloads\\test_automation_flow.py\", line 120, in enter_text\n    element = self.wait.until(EC.element_to_be_clickable((by, element_id)))\n  File \"C:\\Python\\Python38\\lib\\site-packages\\selenium\\webdriver\\support\\wait.py\", line 105, in until\n    raise TimeoutException(message, screen, stacktrace)\n"}, "steps": [{"name": "Open Google account signup page", "status": "passed", "start": 1724964789237, "stop": 1724964796948}], "attachments": [{"name": "screenshot", "source": "5c4e2e16-6d03-4809-9ed7-d9540f65acf0-attachment.png", "type": "image/png"}], "parameters": [{"name": "first_name", "value": "'Martin'"}, {"name": "last_name", "value": "'NCBA'"}, {"name": "username", "value": "'Cactus13@'"}], "start": 1724964789237, "stop": 1724964834403}], "start": 1724964789236, "stop": 1724964834457}], "start": 1724964789236, "stop": 1724964834459, "uuid": "2fee68dd-dd20-484d-9006-acb1d186eaa9", "historyId": "e891e0b0ecda78f664732d0fc0c99438", "testCaseId": "e891e0b0ecda78f664732d0fc0c99438", "fullName": "test_automation_flow#test_automation_flow", "labels": [{"name": "suite", "value": "test_automation_flow"}, {"name": "host", "value": "DESKTOP-QTVNGQR"}, {"name": "thread", "value": "20064-MainThread"}, {"name": "framework", "value": "pytest"}, {"name": "language", "value": "cpython3"}, {"name": "package", "value": "test_automation_flow"}]}