{"name": "test_automation_flow", "status": "broken", "statusDetails": {"message": "selenium.common.exceptions.NoSuchWindowException: Message: no such window: target window already closed\nfrom unknown error: web view not found\n  (Session info: chrome=128.0.6613.114)\nStacktrace:\n\tGetHandleVerifier [0x00007FF74C2BB632+29090]\n\t(No symbol) [0x00007FF74C22E6E9]\n\t(No symbol) [0x00007FF74C0EB1CA]\n\t(No symbol) [0x00007FF74C0BFAF5]\n\t(No symbol) [0x00007FF74C16E2E7]\n\t(No symbol) [0x00007FF74C185EE1]\n\t(No symbol) [0x00007FF74C166493]\n\t(No symbol) [0x00007FF74C1309B1]\n\t(No symbol) [0x00007FF74C131B11]\n\tGetHandleVerifier [0x00007FF74C5D883D+3294125]\n\tGetHandleVerifier [0x00007FF74C624423+3604371]\n\tGetHandleVerifier [0x00007FF74C61A2E7+3563095]\n\tGetHandleVerifier [0x00007FF74C376F16+797318]\n\t(No symbol) [0x00007FF74C23986F]\n\t(No symbol) [0x00007FF74C235454]\n\t(No symbol) [0x00007FF74C2355E0]\n\t(No symbol) [0x00007FF74C224A7F]\n\tBaseThreadInitThunk [0x00007FFAE06C7374+20]\n\tRtlUserThreadStart [0x00007FFAE201CC91+33]", "trace": "driver = <selenium.webdriver.chrome.webdriver.WebDriver (session=\"7cc934ce48d507f843b5743efdcbf9fe\")>\n\n    def test_automation_flow(driver):\n        google_page = GooglePage(driver)\n        jumia_page = JumiaPage(driver)\n    \n        with allure.step(\"Step 1: Create a Google account\"):\n>           google_page.create_account(\"Martin\", \"NCBA\",\"Cactus13@\")\n\ntest_automation_flow.py:225: \n_ _ _ _ _ _ _ _ _ _ _ _ _ _ _ _ _ _ _ _ _ _ _ _ _ _ _ _ _ _ _ _ _ _ _ _ _ _ _ _\ntest_automation_flow.py:60: in create_account\n    self.open_signup_page()\ntest_automation_flow.py:54: in open_signup_page\n    self.driver.get(\"https://shorturl.at/1cWhw\")\nC:\\Python\\Python38\\lib\\site-packages\\selenium\\webdriver\\remote\\webdriver.py:363: in get\n    self.execute(Command.GET, {\"url\": url})\nC:\\Python\\Python38\\lib\\site-packages\\selenium\\webdriver\\remote\\webdriver.py:354: in execute\n    self.error_handler.check_response(response)\n_ _ _ _ _ _ _ _ _ _ _ _ _ _ _ _ _ _ _ _ _ _ _ _ _ _ _ _ _ _ _ _ _ _ _ _ _ _ _ _\n\nself = <selenium.webdriver.remote.errorhandler.ErrorHandler object at 0x000001FF8F6B5580>\nresponse = {'status': 404, 'value': '{\"value\":{\"error\":\"no such window\",\"message\":\"no such window: target window already closed\\\\...07FF74C224A7F]\\\\n\\\\tBaseThreadInitThunk [0x00007FFAE06C7374+20]\\\\n\\\\tRtlUserThreadStart [0x00007FFAE201CC91+33]\\\\n\"}}'}\n\n    def check_response(self, response: Dict[str, Any]) -> None:\n        \"\"\"Checks that a JSON response from the WebDriver does not have an\n        error.\n    \n        :Args:\n         - response - The JSON response from the WebDriver server as a dictionary\n           object.\n    \n        :Raises: If the response contains an error message.\n        \"\"\"\n        status = response.get(\"status\", None)\n        if not status or status == ErrorCode.SUCCESS:\n            return\n        value = None\n        message = response.get(\"message\", \"\")\n        screen: str = response.get(\"screen\", \"\")\n        stacktrace = None\n        if isinstance(status, int):\n            value_json = response.get(\"value\", None)\n            if value_json and isinstance(value_json, str):\n                import json\n    \n                try:\n                    value = json.loads(value_json)\n                    if len(value) == 1:\n                        value = value[\"value\"]\n                    status = value.get(\"error\", None)\n                    if not status:\n                        status = value.get(\"status\", ErrorCode.UNKNOWN_ERROR)\n                        message = value.get(\"value\") or value.get(\"message\")\n                        if not isinstance(message, str):\n                            value = message\n                            message = message.get(\"message\")\n                    else:\n                        message = value.get(\"message\", None)\n                except ValueError:\n                    pass\n    \n        exception_class: Type[WebDriverException]\n        e = ErrorCode()\n        error_codes = [item for item in dir(e) if not item.startswith(\"__\")]\n        for error_code in error_codes:\n            error_info = getattr(ErrorCode, error_code)\n            if isinstance(error_info, list) and status in error_info:\n                exception_class = getattr(ExceptionMapping, error_code, WebDriverException)\n                break\n        else:\n            exception_class = WebDriverException\n    \n        if not value:\n            value = response[\"value\"]\n        if isinstance(value, str):\n            raise exception_class(value)\n        if message == \"\" and \"message\" in value:\n            message = value[\"message\"]\n    \n        screen = None  # type: ignore[assignment]\n        if \"screen\" in value:\n            screen = value[\"screen\"]\n    \n        stacktrace = None\n        st_value = value.get(\"stackTrace\") or value.get(\"stacktrace\")\n        if st_value:\n            if isinstance(st_value, str):\n                stacktrace = st_value.split(\"\\n\")\n            else:\n                stacktrace = []\n                try:\n                    for frame in st_value:\n                        line = frame.get(\"lineNumber\", \"\")\n                        file = frame.get(\"fileName\", \"<anonymous>\")\n                        if line:\n                            file = f\"{file}:{line}\"\n                        meth = frame.get(\"methodName\", \"<anonymous>\")\n                        if \"className\" in frame:\n                            meth = f\"{frame['className']}.{meth}\"\n                        msg = \"    at %s (%s)\"\n                        msg = msg % (meth, file)\n                        stacktrace.append(msg)\n                except TypeError:\n                    pass\n        if exception_class == UnexpectedAlertPresentException:\n            alert_text = None\n            if \"data\" in value:\n                alert_text = value[\"data\"].get(\"text\")\n            elif \"alert\" in value:\n                alert_text = value[\"alert\"].get(\"text\")\n            raise exception_class(message, screen, stacktrace, alert_text)  # type: ignore[call-arg]  # mypy is not smart enough here\n>       raise exception_class(message, screen, stacktrace)\nE       selenium.common.exceptions.NoSuchWindowException: Message: no such window: target window already closed\nE       from unknown error: web view not found\nE         (Session info: chrome=128.0.6613.114)\nE       Stacktrace:\nE       \tGetHandleVerifier [0x00007FF74C2BB632+29090]\nE       \t(No symbol) [0x00007FF74C22E6E9]\nE       \t(No symbol) [0x00007FF74C0EB1CA]\nE       \t(No symbol) [0x00007FF74C0BFAF5]\nE       \t(No symbol) [0x00007FF74C16E2E7]\nE       \t(No symbol) [0x00007FF74C185EE1]\nE       \t(No symbol) [0x00007FF74C166493]\nE       \t(No symbol) [0x00007FF74C1309B1]\nE       \t(No symbol) [0x00007FF74C131B11]\nE       \tGetHandleVerifier [0x00007FF74C5D883D+3294125]\nE       \tGetHandleVerifier [0x00007FF74C624423+3604371]\nE       \tGetHandleVerifier [0x00007FF74C61A2E7+3563095]\nE       \tGetHandleVerifier [0x00007FF74C376F16+797318]\nE       \t(No symbol) [0x00007FF74C23986F]\nE       \t(No symbol) [0x00007FF74C235454]\nE       \t(No symbol) [0x00007FF74C2355E0]\nE       \t(No symbol) [0x00007FF74C224A7F]\nE       \tBaseThreadInitThunk [0x00007FFAE06C7374+20]\nE       \tRtlUserThreadStart [0x00007FFAE201CC91+33]\n\nC:\\Python\\Python38\\lib\\site-packages\\selenium\\webdriver\\remote\\errorhandler.py:229: NoSuchWindowException"}, "steps": [{"name": "Step 1: Create a Google account", "status": "broken", "statusDetails": {"message": "selenium.common.exceptions.NoSuchWindowException: Message: no such window: target window already closed\nfrom unknown error: web view not found\n  (Session info: chrome=128.0.6613.114)\nStacktrace:\n\tGetHandleVerifier [0x00007FF74C2BB632+29090]\n\t(No symbol) [0x00007FF74C22E6E9]\n\t(No symbol) [0x00007FF74C0EB1CA]\n\t(No symbol) [0x00007FF74C0BFAF5]\n\t(No symbol) [0x00007FF74C16E2E7]\n\t(No symbol) [0x00007FF74C185EE1]\n\t(No symbol) [0x00007FF74C166493]\n\t(No symbol) [0x00007FF74C1309B1]\n\t(No symbol) [0x00007FF74C131B11]\n\tGetHandleVerifier [0x00007FF74C5D883D+3294125]\n\tGetHandleVerifier [0x00007FF74C624423+3604371]\n\tGetHandleVerifier [0x00007FF74C61A2E7+3563095]\n\tGetHandleVerifier [0x00007FF74C376F16+797318]\n\t(No symbol) [0x00007FF74C23986F]\n\t(No symbol) [0x00007FF74C235454]\n\t(No symbol) [0x00007FF74C2355E0]\n\t(No symbol) [0x00007FF74C224A7F]\n\tBaseThreadInitThunk [0x00007FFAE06C7374+20]\n\tRtlUserThreadStart [0x00007FFAE201CC91+33]\n\n", "trace": "  File \"C:\\Users\\lenovo\\Downloads\\test_automation_flow.py\", line 225, in test_automation_flow\n    google_page.create_account(\"Martin\", \"NCBA\",\"Cactus13@\")\n  File \"C:\\Python\\Python38\\lib\\site-packages\\allure_commons\\_allure.py\", line 192, in impl\n    return func(*a, **kw)\n  File \"C:\\Users\\lenovo\\Downloads\\test_automation_flow.py\", line 60, in create_account\n    self.open_signup_page()\n  File \"C:\\Python\\Python38\\lib\\site-packages\\allure_commons\\_allure.py\", line 192, in impl\n    return func(*a, **kw)\n  File \"C:\\Users\\lenovo\\Downloads\\test_automation_flow.py\", line 54, in open_signup_page\n    self.driver.get(\"https://shorturl.at/1cWhw\")\n  File \"C:\\Python\\Python38\\lib\\site-packages\\selenium\\webdriver\\remote\\webdriver.py\", line 363, in get\n    self.execute(Command.GET, {\"url\": url})\n  File \"C:\\Python\\Python38\\lib\\site-packages\\selenium\\webdriver\\remote\\webdriver.py\", line 354, in execute\n    self.error_handler.check_response(response)\n  File \"C:\\Python\\Python38\\lib\\site-packages\\selenium\\webdriver\\remote\\errorhandler.py\", line 229, in check_response\n    raise exception_class(message, screen, stacktrace)\n"}, "steps": [{"name": "Fill in Google account signup form with details", "status": "broken", "statusDetails": {"message": "selenium.common.exceptions.NoSuchWindowException: Message: no such window: target window already closed\nfrom unknown error: web view not found\n  (Session info: chrome=128.0.6613.114)\nStacktrace:\n\tGetHandleVerifier [0x00007FF74C2BB632+29090]\n\t(No symbol) [0x00007FF74C22E6E9]\n\t(No symbol) [0x00007FF74C0EB1CA]\n\t(No symbol) [0x00007FF74C0BFAF5]\n\t(No symbol) [0x00007FF74C16E2E7]\n\t(No symbol) [0x00007FF74C185EE1]\n\t(No symbol) [0x00007FF74C166493]\n\t(No symbol) [0x00007FF74C1309B1]\n\t(No symbol) [0x00007FF74C131B11]\n\tGetHandleVerifier [0x00007FF74C5D883D+3294125]\n\tGetHandleVerifier [0x00007FF74C624423+3604371]\n\tGetHandleVerifier [0x00007FF74C61A2E7+3563095]\n\tGetHandleVerifier [0x00007FF74C376F16+797318]\n\t(No symbol) [0x00007FF74C23986F]\n\t(No symbol) [0x00007FF74C235454]\n\t(No symbol) [0x00007FF74C2355E0]\n\t(No symbol) [0x00007FF74C224A7F]\n\tBaseThreadInitThunk [0x00007FFAE06C7374+20]\n\tRtlUserThreadStart [0x00007FFAE201CC91+33]\n\n", "trace": "  File \"C:\\Python\\Python38\\lib\\site-packages\\allure_commons\\_allure.py\", line 192, in impl\n    return func(*a, **kw)\n  File \"C:\\Users\\lenovo\\Downloads\\test_automation_flow.py\", line 60, in create_account\n    self.open_signup_page()\n  File \"C:\\Python\\Python38\\lib\\site-packages\\allure_commons\\_allure.py\", line 192, in impl\n    return func(*a, **kw)\n  File \"C:\\Users\\lenovo\\Downloads\\test_automation_flow.py\", line 54, in open_signup_page\n    self.driver.get(\"https://shorturl.at/1cWhw\")\n  File \"C:\\Python\\Python38\\lib\\site-packages\\selenium\\webdriver\\remote\\webdriver.py\", line 363, in get\n    self.execute(Command.GET, {\"url\": url})\n  File \"C:\\Python\\Python38\\lib\\site-packages\\selenium\\webdriver\\remote\\webdriver.py\", line 354, in execute\n    self.error_handler.check_response(response)\n  File \"C:\\Python\\Python38\\lib\\site-packages\\selenium\\webdriver\\remote\\errorhandler.py\", line 229, in check_response\n    raise exception_class(message, screen, stacktrace)\n"}, "steps": [{"name": "Open Google account signup page", "status": "broken", "statusDetails": {"message": "selenium.common.exceptions.NoSuchWindowException: Message: no such window: target window already closed\nfrom unknown error: web view not found\n  (Session info: chrome=128.0.6613.114)\nStacktrace:\n\tGetHandleVerifier [0x00007FF74C2BB632+29090]\n\t(No symbol) [0x00007FF74C22E6E9]\n\t(No symbol) [0x00007FF74C0EB1CA]\n\t(No symbol) [0x00007FF74C0BFAF5]\n\t(No symbol) [0x00007FF74C16E2E7]\n\t(No symbol) [0x00007FF74C185EE1]\n\t(No symbol) [0x00007FF74C166493]\n\t(No symbol) [0x00007FF74C1309B1]\n\t(No symbol) [0x00007FF74C131B11]\n\tGetHandleVerifier [0x00007FF74C5D883D+3294125]\n\tGetHandleVerifier [0x00007FF74C624423+3604371]\n\tGetHandleVerifier [0x00007FF74C61A2E7+3563095]\n\tGetHandleVerifier [0x00007FF74C376F16+797318]\n\t(No symbol) [0x00007FF74C23986F]\n\t(No symbol) [0x00007FF74C235454]\n\t(No symbol) [0x00007FF74C2355E0]\n\t(No symbol) [0x00007FF74C224A7F]\n\tBaseThreadInitThunk [0x00007FFAE06C7374+20]\n\tRtlUserThreadStart [0x00007FFAE201CC91+33]\n\n", "trace": "  File \"C:\\Python\\Python38\\lib\\site-packages\\allure_commons\\_allure.py\", line 192, in impl\n    return func(*a, **kw)\n  File \"C:\\Users\\lenovo\\Downloads\\test_automation_flow.py\", line 54, in open_signup_page\n    self.driver.get(\"https://shorturl.at/1cWhw\")\n  File \"C:\\Python\\Python38\\lib\\site-packages\\selenium\\webdriver\\remote\\webdriver.py\", line 363, in get\n    self.execute(Command.GET, {\"url\": url})\n  File \"C:\\Python\\Python38\\lib\\site-packages\\selenium\\webdriver\\remote\\webdriver.py\", line 354, in execute\n    self.error_handler.check_response(response)\n  File \"C:\\Python\\Python38\\lib\\site-packages\\selenium\\webdriver\\remote\\errorhandler.py\", line 229, in check_response\n    raise exception_class(message, screen, stacktrace)\n"}, "start": 1724964065135, "stop": 1724964065287}], "parameters": [{"name": "first_name", "value": "'Martin'"}, {"name": "last_name", "value": "'NCBA'"}, {"name": "username", "value": "'Cactus13@'"}], "start": 1724964065135, "stop": 1724964073043}], "start": 1724964065130, "stop": 1724964073043}], "start": 1724964065120, "stop": 1724964073043, "uuid": "58c67dbf-1c6c-44c4-92c7-7904d4ba78aa", "historyId": "e891e0b0ecda78f664732d0fc0c99438", "testCaseId": "e891e0b0ecda78f664732d0fc0c99438", "fullName": "test_automation_flow#test_automation_flow", "labels": [{"name": "suite", "value": "test_automation_flow"}, {"name": "host", "value": "DESKTOP-QTVNGQR"}, {"name": "thread", "value": "18024-MainThread"}, {"name": "framework", "value": "pytest"}, {"name": "language", "value": "cpython3"}, {"name": "package", "value": "test_automation_flow"}]}